#
# A fatal error has been detected by the Java Runtime Environment:
#
#  Internal Error (jvmciRuntime.cpp:1609), pid=20, tid=38
#  fatal error: Fatal exception in JVMCI: Error calling jdk.vm.ci.services.Services.serializeSavedProperties
#
# JRE version: OpenJDK Runtime Environment GraalVM CE 22.3.0 (17.0.5+8) (build 17.0.5+8-jvmci-22.3-b08)
# Java VM: OpenJDK 64-Bit Server VM GraalVM CE 22.3.0 (17.0.5+8-jvmci-22.3-b08, mixed mode, sharing, tiered, jvmci, jvmci compiler, compressed oops, compressed class ptrs, parallel gc, linux-amd64)
# Problematic frame:
# V  [libjvm.so+0x972714]  JVMCIRuntime::fatal_exception(JVMCIEnv*, char const*)+0x74
#
# Core dump will be written. Default location: Core dumps may be processed with "/usr/share/apport/apport -p%p -s%s -c%c -d%d -P%P -u%u -g%g -- %E" (or dumping to /home/runner/Array-Sorting-And-Hashmaps/core.20)
#
# If you would like to submit a bug report, please visit:
#   https://github.com/oracle/graal/issues
#

---------------  S U M M A R Y ------------

Command Line: -XX:ThreadPriorityPolicy=1 -XX:+UnlockExperimentalVMOptions -XX:+EnableJVMCIProduct -XX:JVMCIThreadsPerNativeLibraryRuntime=1 -XX:-UnlockExperimentalVMOptions -Declipse.application=org.eclipse.jdt.ls.core.id1 -Dosgi.bundles.defaultStartLevel=4 -Declipse.product=org.eclipse.jdt.ls.core.product -Dlog.level=ALL -Xverify:none -XX:+UseParallelGC -XX:GCTimeRatio=4 -XX:AdaptiveSizePolicyWeight=90 -Dsun.zip.disableMemoryMapping=true -Xmx512m -Xms100m /nix/store/m6gcpi1ii6rghy04cjwjddcavv7i90df-jdt-language-server-1.9.0/share/java/plugins/org.eclipse.equinox.launcher_1.6.400.v20210924-0641.jar --add-modules=ALL-SYSTEM --add-opens java.base/java.util=ALL-UNNAMED --add-opens java.base/java.lang=ALL-UNNAMED -configuration /home/runner/.cache/jdt-language-server/config -data /home/runner/.cache/jdt-language-server/data/home/runner/Array-Sorting-And-Hashmaps

Host: AMD EPYC 7B12, 8 cores, 1G, Ubuntu 20.04.2 LTS
Time: Wed Apr 12 08:26:11 2023 UTC elapsed time: 987.457288 seconds (0d 0h 16m 27s)

---------------  T H R E A D  ---------------

Current thread (0x00007efccc0b2200):  JavaThread "JVMCI-native CompilerThread0" daemon [_thread_in_vm, id=38, stack(0x00007efcd071a000,0x00007efcd091a000)]


Current CompileTask:
JVMCI-native: 987457 8989       4       java.util.ArrayList::indexOfRange (71 bytes)

Stack: [0x00007efcd071a000,0x00007efcd091a000],  sp=0x00007efcd0918380,  free space=2040k
Native frames: (J=compiled Java code, j=interpreted, Vv=VM code, C=native code)
V  [libjvm.so+0x972714]  JVMCIRuntime::fatal_exception(JVMCIEnv*, char const*)+0x74
V  [libjvm.so+0x93e2fe]  JVMCIEnv::copy_saved_properties()+0x14e
V  [libjvm.so+0x9732a9]  JVMCIRuntime::initialize(JVMCIEnv*)+0xb19
V  [libjvm.so+0x9738a2]  JVMCIRuntime::get_HotSpotJVMCIRuntime(JVMCIEnv*)+0x12
V  [libjvm.so+0x9749f2]  JVMCIRuntime::compile_method(JVMCIEnv*, JVMCICompiler*, methodHandle const&, int)+0xd2
V  [libjvm.so+0x5b0d20]  CompileBroker::invoke_compiler_on_method(CompileTask*)+0x1470
V  [libjvm.so+0x5b12e8]  CompileBroker::compiler_thread_loop()+0x528
V  [libjvm.so+0xd82460]  JavaThread::thread_main_inner()+0xd0
V  [libjvm.so+0xd85a40]  Thread::call_run()+0xc0
V  [libjvm.so+0xbdb1e1]  thread_native_entry(Thread*)+0xe1

Register to memory mapping:

RAX=0x00007efcd384d000 points into unknown readable memory: 0x0000000000000058 | 58 00 00 00 00 00 00 00
RBX=0x00007efcd4948398: <offset 0x0000000000ef5398> in /nix/store/gpxl5qgg8kicmcvivwmybwjlpf7wh20l-graalvm17-ce-22.3.0/lib/server/libjvm.so at 0x00007efcd3a53000
RCX=0x00007efcd49001e8: <offset 0x0000000000ead1e8> in /nix/store/gpxl5qgg8kicmcvivwmybwjlpf7wh20l-graalvm17-ce-22.3.0/lib/server/libjvm.so at 0x00007efcd3a53000
RDX=0x0000000000000649 is an unknown value
RSP=0x00007efcd0918380 is pointing into the stack for thread: 0x00007efccc0b2200
RBP=0x00007efcd09183a0 is pointing into the stack for thread: 0x00007efccc0b2200
RSI=0x00007efcd4948c48: <offset 0x0000000000ef5c48> in /nix/store/gpxl5qgg8kicmcvivwmybwjlpf7wh20l-graalvm17-ce-22.3.0/lib/server/libjvm.so at 0x00007efcd3a53000
RDI=0x00000000e0000000 is an oop: java.lang.String 
{0x00000000e0000000} - klass: 'java/lang/String'
 - string: "resolution"
R8 =0x00007efcd4948398: <offset 0x0000000000ef5398> in /nix/store/gpxl5qgg8kicmcvivwmybwjlpf7wh20l-graalvm17-ce-22.3.0/lib/server/libjvm.so at 0x00007efcd3a53000
R9 =0x00007efcd0918330 is pointing into the stack for thread: 0x00007efccc0b2200
R10=0x00007efcd0919948 is pointing into the stack for thread: 0x00007efccc0b2200
R11=0x0000000000000293 is an unknown value
R12=0x0 is NULL
R13=0x00007efccc0b2200 is a thread
R14=0x00007efccc000b80 points into unknown readable memory: 0x00007efcd4b79a38 | 38 9a b7 d4 fc 7e 00 00
R15=0x00007efcd4c87e40: <offset 0x0000000001234e40> in /nix/store/gpxl5qgg8kicmcvivwmybwjlpf7wh20l-graalvm17-ce-22.3.0/lib/server/libjvm.so at 0x00007efcd3a53000


Registers:
RAX=0x00007efcd384d000, RBX=0x00007efcd4948398, RCX=0x00007efcd49001e8, RDX=0x0000000000000649
RSP=0x00007efcd0918380, RBP=0x00007efcd09183a0, RSI=0x00007efcd4948c48, RDI=0x00000000e0000000
R8 =0x00007efcd4948398, R9 =0x00007efcd0918330, R10=0x00007efcd0919948, R11=0x0000000000000293
R12=0x0000000000000000, R13=0x00007efccc0b2200, R14=0x00007efccc000b80, R15=0x00007efcd4c87e40
RIP=0x00007efcd43c5714, EFLAGS=0x0000000000010206, CSGSFS=0x002b000000000033, ERR=0x0000000000000006
  TRAPNO=0x000000000000000e

Top of Stack: (sp=0x00007efcd0918380)
0x00007efcd0918380:   00007efcd0918940 00007efccc0b2200
0x00007efcd0918390:   00007efcd21de8c8 0000000800c415a8
0x00007efcd09183a0:   00007efcd0918500 00007efcd43912fe
0x00007efcd09183b0:   00007efcd09183e0 00007efcd0918440 

Instructions: (pc=0x00007efcd43c5714)
0x00007efcd43c5614:   30 e8 f6 cf e8 ff 4c 89 e7 e8 2e 48 d1 ff 84 db
0x00007efcd43c5624:   75 2a 4d 85 ed 74 04 4d 8b 6d 00 48 83 c4 08 44
0x00007efcd43c5634:   89 f9 4c 89 f2 4c 89 ee 5b 4c 89 e7 41 5c 41 5d
0x00007efcd43c5644:   41 5e 41 5f 5d e9 e2 47 d1 ff 66 90 48 83 c4 08
0x00007efcd43c5654:   5b 41 5c 41 5d 41 5e 41 5f 5d c3 90 31 d2 be 08
0x00007efcd43c5664:   00 00 00 4c 89 ff e8 b1 78 a3 ff 49 89 c5 e9 37
0x00007efcd43c5674:   ff ff ff 66 0f 1f 84 00 00 00 00 00 48 8b 7a 08
0x00007efcd43c5684:   e9 6d ff ff ff 0f 1f 80 00 00 00 00 e8 5b 48 0a
0x00007efcd43c5694:   00 84 c0 75 89 e9 6a ff ff ff 66 90 55 48 89 e5
0x00007efcd43c56a4:   41 56 41 55 41 54 49 89 fc 53 48 89 f3 66 48 8d
0x00007efcd43c56b4:   3d 27 5e 85 00 66 66 48 e8 df 43 8d ff 4c 8b 28
0x00007efcd43c56c4:   8b 05 be 72 8a 00 85 c0 75 14 ba 01 00 00 00 48
0x00007efcd43c56d4:   8d 0d ae 72 8a 00 f0 0f b1 11 85 c0 74 4e be c8
0x00007efcd43c56e4:   00 00 00 4c 89 ef e8 01 0b 41 00 48 8d 05 12 ac
0x00007efcd43c56f4:   85 00 49 89 d8 48 8d 0d e8 aa 53 00 ba 49 06 00
0x00007efcd43c5704:   00 48 8d 35 3c 35 58 00 bf 00 00 00 e0 48 8b 00
0x00007efcd43c5714:   c6 00 58 31 c0 e8 e2 91 c6 ff 5b 41 5c 41 5d 41
0x00007efcd43c5724:   5e 5d e9 55 34 26 00 0f 1f 44 00 00 48 8d 05 81
0x00007efcd43c5734:   a3 8b 00 48 89 df 4c 8b 30 e8 9e 43 8d ff 48 89
0x00007efcd43c5744:   de 48 89 c2 49 8b 06 4c 89 f7 ff 50 08 4c 89 f7
0x00007efcd43c5754:   e8 a7 5c 27 00 4d 85 e4 74 12 be 01 00 00 00 4c
0x00007efcd43c5764:   89 e7 e8 35 43 fc ff eb 82 0f 1f 00 be 01 00 00
0x00007efcd43c5774:   00 4c 89 ef e8 d3 fd ff ff e9 6d ff ff ff 66 66
0x00007efcd43c5784:   2e 0f 1f 84 00 00 00 00 00 0f 1f 00 55 48 89 e5
0x00007efcd43c5794:   41 57 41 56 41 55 41 54 53 48 81 ec 08 02 00 00
0x00007efcd43c57a4:   64 48 8b 04 25 28 00 00 00 48 89 45 c8 8b 07 83
0x00007efcd43c57b4:   f8 02 0f 84 11 04 00 00 4c 8b 6f 18 49 89 ff 49
0x00007efcd43c57c4:   89 f4 4d 85 ed 74 14 4c 89 ef e8 5d 57 22 00 41
0x00007efcd43c57d4:   8b 07 83 f8 02 0f 84 19 04 00 00 48 8d 1d 9a 06
0x00007efcd43c57e4:   8a 00 4c 8d 35 0b 3c 58 00 eb 38 90 48 85 d2 7f
0x00007efcd43c57f4:   0d 48 8d 05 b4 c0 85 00 48 83 38 00 7e 0e 41 8b
0x00007efcd43c5804:   77 2c 4c 89 f7 31 c0 e8 a0 b2 f7 ff 49 8b 7f 18 


Stack slot to memory mapping:
stack at sp + 0 slots: 0x00007efcd0918940 is pointing into the stack for thread: 0x00007efccc0b2200
stack at sp + 1 slots: 0x00007efccc0b2200 is a thread
stack at sp + 2 slots: 0x00007efcd21de8c8 points into unknown readable memory: 0x6573001880c9ffff | ff ff c9 80 18 00 73 65
stack at sp + 3 slots: 0x0000000800c415a8 is a pointer to class: 
jdk.vm.ci.services.Services {0x0000000800c415a8}
 - instance size:     2
 - klass size:        65
 - access:            public final synchronized 
 - state:             fully_initialized
 - name:              'jdk/vm/ci/services/Services'
 - super:             'java/lang/Object'
 - sub:               
 - arrays:            NULL
 - methods:           Array<T>(0x00007efcd103e740)
 - method ordering:   Array<T>(0x0000000800928960)
 - default_methods:   Array<T>(0x0000000000000000)
 - local interfaces:  Array<T>(0x00000008005ce810)
 - trans. interfaces: Array<T>(0x00000008005ce810)
 - constants:         constant pool [427] {0x00007efcd103d820} for 'jdk/vm/ci/services/Services' cache=0x00007efcd103fa10
 - class loader data:  loader data: 0x00007efccc028410 of 'bootstrap'
 - source file:       'Services.java'
 - class annotations:       Array<T>(0x0000000000000000)
 - class type annotations:  Array<T>(0x0000000000000000)
 - field annotations:       Array<T>(0x0000000000000000)
 - field type annotations:  Array<T>(0x0000000000000000)
 - inner classes:     Array<T>(0x00007efcd103f9e0)
 - nest members:     Array<T>(0x00007efcd103fa00)
 - permitted subclasses:     Array<T>(0x00000008005ce7a0)
 - java mirror:       a 'java/lang/Class'{0x00000000e0147140} = 'jdk/vm/ci/services/Services'
 - vtable length      5  (start addr: 0x0000000800c41778)
 - itable length      2 (start addr: 0x0000000800c417a0)
 - ---- static fields (3 words):
 - public static final 'IS_BUILDING_NATIVE_IMAGE' 'Z' @128 
 - public static final 'IS_IN_NATIVE_IMAGE' 'Z' @129 
 - private static volatile 'savedProperties' 'Ljava/util/Map;' @112 
 - static final 'JVMCI_ENABLED' 'Z' @130 
 - private static final 'servicesCache' 'Ljava/util/Map;' @116 
 - private static final 'MAX_UNICODE_IN_UTF8_LENGTH' 'I' @120 
 - private static final 'MAX_UTF8_PROPERTY_STRING_LENGTH' 'I' @124 
 - ---- non-static fields (0 words):
 - non-static oop maps: 
stack at sp + 4 slots: 0x00007efcd0918500 is pointing into the stack for thread: 0x00007efccc0b2200
stack at sp + 5 slots: 0x00007efcd43912fe: <offset 0x000000000093e2fe> in /nix/store/gpxl5qgg8kicmcvivwmybwjlpf7wh20l-graalvm17-ce-22.3.0/lib/server/libjvm.so at 0x00007efcd3a53000
stack at sp + 6 slots: 0x00007efcd09183e0 is pointing into the stack for thread: 0x00007efccc0b2200
stack at sp + 7 slots: 0x00007efcd0918440 is pointing into the stack for thread: 0x00007efccc0b2200


---------------  P R O C E S S  ---------------

Threads class SMR info:
_java_thread_list=0x00007efc44000c40, length=26, elements={
0x00007efccc0266b0, 0x00007efccc0a64f0, 0x00007efccc0a7930, 0x00007efccc0ae070,
0x00007efccc0af420, 0x00007efccc0b0810, 0x00007efccc0b2200, 0x00007efccc0b3710,
0x00007efccc0b4b60, 0x00007efccc0d7c00, 0x00007efccc1280d0, 0x00007efccc30b550,
0x00007efccc33f3f0, 0x00007efccc3411a0, 0x00007efccc606520, 0x00007efc64017110,
0x00007efc642a0b20, 0x00007efc64302410, 0x00007efc64484660, 0x00007efc645eeb70,
0x00007efc48001010, 0x00007efccc4c8770, 0x00007efc3c14c1b0, 0x00007efc3c035ae0,
0x00007efc3c036400, 0x00007efc540010d0
}

Java Threads: ( => current thread )
  0x00007efccc0266b0 JavaThread "main" [_thread_blocked, id=30, stack(0x00007efcd386e000,0x00007efcd396e000)]
  0x00007efccc0a64f0 JavaThread "Reference Handler" daemon [_thread_blocked, id=33, stack(0x00007efcd1885000,0x00007efcd1985000)]
  0x00007efccc0a7930 JavaThread "Finalizer" daemon [_thread_blocked, id=34, stack(0x00007efcd0f00000,0x00007efcd1000000)]
  0x00007efccc0ae070 JavaThread "Signal Dispatcher" daemon [_thread_blocked, id=35, stack(0x00007efcd0b1a000,0x00007efcd0c1a000)]
  0x00007efccc0af420 JavaThread "Service Thread" daemon [_thread_blocked, id=36, stack(0x00007efcd0a1a000,0x00007efcd0b1a000)]
  0x00007efccc0b0810 JavaThread "Monitor Deflation Thread" daemon [_thread_blocked, id=37, stack(0x00007efcd091a000,0x00007efcd0a1a000)]
=>0x00007efccc0b2200 JavaThread "JVMCI-native CompilerThread0" daemon [_thread_in_vm, id=38, stack(0x00007efcd071a000,0x00007efcd091a000)]
  0x00007efccc0b3710 JavaThread "C1 CompilerThread0" daemon [_thread_blocked, id=39, stack(0x00007efcd051a000,0x00007efcd071a000)]
  0x00007efccc0b4b60 JavaThread "Sweeper thread" daemon [_thread_blocked, id=40, stack(0x00007efcd041a000,0x00007efcd051a000)]
  0x00007efccc0d7c00 JavaThread "Common-Cleaner" daemon [_thread_blocked, id=41, stack(0x00007efcd031a000,0x00007efcd041a000)]
  0x00007efccc1280d0 JavaThread "Notification Thread" daemon [_thread_blocked, id=43, stack(0x00007efcd021a000,0x00007efcd031a000)]
  0x00007efccc30b550 JavaThread "Active Thread: Equinox Container: ebc255b3-9732-4f9d-9b7b-53c6f17c812d" [_thread_blocked, id=68, stack(0x00007efcd0018000,0x00007efcd0118000)]
  0x00007efccc33f3f0 JavaThread "Framework Event Dispatcher: Equinox Container: ebc255b3-9732-4f9d-9b7b-53c6f17c812d" daemon [_thread_blocked, id=69, stack(0x00007efcb33b3000,0x00007efcb34b3000)]
  0x00007efccc3411a0 JavaThread "Start Level: Equinox Container: ebc255b3-9732-4f9d-9b7b-53c6f17c812d" daemon [_thread_blocked, id=70, stack(0x00007efcb0f00000,0x00007efcb1000000)]
  0x00007efccc606520 JavaThread "Refresh Thread: Equinox Container: ebc255b3-9732-4f9d-9b7b-53c6f17c812d" daemon [_thread_blocked, id=71, stack(0x00007efcb0d00000,0x00007efcb0e00000)]
  0x00007efc64017110 JavaThread "SCR Component Actor" daemon [_thread_blocked, id=72, stack(0x00007efcb0b00000,0x00007efcb0c00000)]
  0x00007efc642a0b20 JavaThread "Worker-JM" [_thread_blocked, id=74, stack(0x00007efcb0700000,0x00007efcb0800000)]
  0x00007efc64302410 JavaThread "Worker-0: Building" [_thread_blocked, id=75, stack(0x00007efcb0500000,0x00007efcb0600000)]
  0x00007efc64484660 JavaThread "Java indexing" daemon [_thread_blocked, id=77, stack(0x00007efcb0100000,0x00007efcb0200000)]
  0x00007efc645eeb70 JavaThread "Bundle File Closer" daemon [_thread_blocked, id=78, stack(0x00007efcb0000000,0x00007efcb0100000)]
  0x00007efc48001010 JavaThread "Worker-2: Periodic workspace save." [_thread_blocked, id=80, stack(0x00007efc7ab00000,0x00007efc7ac00000)]
  0x00007efccc4c8770 JavaThread "pool-2-thread-1" [_thread_blocked, id=81, stack(0x00007efc7a900000,0x00007efc7aa00000)]
  0x00007efc3c14c1b0 JavaThread "Thread-4" [_thread_blocked, id=695, stack(0x00007efcb0300000,0x00007efcb0400000)]
  0x00007efc3c035ae0 JavaThread "Thread-5" [_thread_blocked, id=931, stack(0x00007efc7a500000,0x00007efc7a600000)]
  0x00007efc3c036400 JavaThread "Thread-6" [_thread_blocked, id=1028, stack(0x00007efc7a300000,0x00007efc7a400000)]
  0x00007efc540010d0 JavaThread "Worker-6" [_thread_blocked, id=1061, stack(0x00007efc7a700000,0x00007efc7a800000)]

Other Threads:
  0x00007efccc0a1c30 VMThread "VM Thread" [stack: 0x00007efcd1987000,0x00007efcd1a87000] [id=32] _threads_hazard_ptr=0x00007efc44000c40
  0x00007efccc129a70 WatcherThread [stack: 0x00007efcd011a000,0x00007efcd021a000] [id=44]
  0x00007efccc03df50 GCTaskThread "GC Thread#0" [stack: 0x00007efcd3431000,0x00007efcd3531000] [id=31]

Threads with active compile tasks:
JVMCI-native CompilerThread0   987479 8989       4       java.util.ArrayList::indexOfRange (71 bytes)

VM state: synchronizing (normal execution)

VM Mutex/Monitor currently owned by a thread:  ([mutex/lock_event])
[0x00007efccc023860] Threads_lock - owner thread: 0x00007efccc0a1c30
[0x00007efccc024010] Heap_lock - owner thread: 0x00007efccc4c8770

OutOfMemory and StackOverflow Exception counts:
OutOfMemoryError java_heap_errors=10
LinkageErrors=66

Heap address: 0x00000000e0000000, size: 512 MB, Compressed Oops mode: 32-bit

CDS archive(s) mapped at: [0x0000000800000000-0x0000000800bc8000-0x0000000800bc8000), size 12353536, SharedBaseAddress: 0x0000000800000000, ArchiveRelocationMode: 0.
Compressed class space mapped at: 0x0000000800c00000-0x0000000840c00000, reserved size: 1073741824
Narrow klass base: 0x0000000800000000, Narrow klass shift: 0, Narrow klass range: 0x100000000

GC Precious Log:
 CPUs: 8 total, 1 available
 Memory: 1024M
 Large Page Support: Disabled
 NUMA Support: Disabled
 Compressed Oops: Enabled (32-bit)
 Alignments: Space 512K, Generation 512K, Heap 2M
 Heap Min Capacity: 100M
 Heap Initial Capacity: 100M
 Heap Max Capacity: 512M
 Pre-touch: Disabled
 Parallel Workers: 1

Heap:
 PSYoungGen      total 78336K, used 48640K [0x00000000f5580000, 0x00000000fc700000, 0x0000000100000000)
  eden space 48640K, 100% used [0x00000000f5580000,0x00000000f8500000,0x00000000f8500000)
  from space 29696K, 0% used [0x00000000faa00000,0x00000000faa00000,0x00000000fc700000)
  to   space 15872K, 0% used [0x00000000f8500000,0x00000000f8500000,0x00000000f9480000)
 ParOldGen       total 349696K, used 349695K [0x00000000e0000000, 0x00000000f5580000, 0x00000000f5580000)
  object space 349696K, 99% used [0x00000000e0000000,0x00000000f557ffe0,0x00000000f5580000)
 Metaspace       used 60265K, committed 61440K, reserved 1105920K
  class space    used 5956K, committed 6400K, reserved 1048576K

Card table byte_map: [0x00007efcd3531000,0x00007efcd3632000] _byte_map_base: 0x00007efcd2e31000

Marking Bits: (ParMarkBitMap*) 0x00007efcd4c814c0
 Begin Bits: [0x00007efcd2384000, 0x00007efcd2b84000)
 End Bits:   [0x00007efcd2b84000, 0x00007efcd3384000)

Polling page: 0x00007efcd384b000

Metaspace:

Usage:
  Non-class:     53.04 MB used.
      Class:      5.82 MB used.
       Both:     58.85 MB used.

Virtual space:
  Non-class space:       56.00 MB reserved,      53.75 MB ( 96%) committed,  7 nodes.
      Class space:        1.00 GB reserved,       6.25 MB ( <1%) committed,  1 nodes.
             Both:        1.05 GB reserved,      60.00 MB (  6%) committed. 

Chunk freelists:
   Non-Class:  1.88 MB
       Class:  1.79 MB
        Both:  3.67 MB

MaxMetaspaceSize: unlimited
CompressedClassSpaceSize: 1.00 GB
Initial GC threshold: 21.00 MB
Current GC threshold: 99.94 MB
CDS: on
MetaspaceReclaimPolicy: balanced
 - commit_granule_bytes: 65536.
 - commit_granule_words: 8192.
 - virtual_space_node_default_size: 1048576.
 - enlarge_chunks_in_place: 1.
 - new_chunks_are_fully_committed: 0.
 - uncommit_free_chunks: 1.
 - use_allocation_guard: 0.
 - handle_deallocations: 1.


Internal statistics:

num_allocs_failed_limit: 6.
num_arena_births: 498.
num_arena_deaths: 148.
num_vsnodes_births: 8.
num_vsnodes_deaths: 0.
num_space_committed: 959.
num_space_uncommitted: 0.
num_chunks_returned_to_freelist: 210.
num_chunks_taken_from_freelist: 2807.
num_chunk_merges: 86.
num_chunk_splits: 1852.
num_chunks_enlarged: 1197.
num_purges: 2.
num_inconsistent_stats: 0.

CodeHeap 'non-profiled nmethods': size=120036Kb used=2664Kb max_used=2664Kb free=117371Kb
 bounds [0x00007efcbaf7a000, 0x00007efcbb21a000, 0x00007efcc24b3000]
CodeHeap 'profiled nmethods': size=120032Kb used=14831Kb max_used=16693Kb free=105200Kb
 bounds [0x00007efcb3a42000, 0x00007efcb4a92000, 0x00007efcbaf7a000]
CodeHeap 'non-nmethods': size=5692Kb used=1394Kb max_used=1399Kb free=4297Kb
 bounds [0x00007efcb34b3000, 0x00007efcb3723000, 0x00007efcb3a42000]
 total_blobs=7753 nmethods=7018 adapters=629
 compilation: enabled
              stopped_count=0, restarted_count=0
 full_count=0

JVMCI Events (20 events):
Event: 576.867 Thread 0x00007efccc0b2200 releasing handles for JVMCI runtime 0: oop handles=36, metadata handles={total=160, live=151, blocks=39}
Event: 576.867 Thread 0x00007efccc0b2200 detached from JVMCI runtime 0
Event: 612.989 Thread 0x00007efccc0b2200 attached to JVMCI runtime 0
Event: 612.990 Thread 0x00007efccc0b2200 created JavaVM[6]@0x00007efc7979e340 for JVMCI runtime 0
Event: 614.502 Thread 0x00007efccc0b2200 initializing JVMCI runtime 0
Event: 614.502 Thread 0x00007efccc0b2200 done waiting for JavaVM references initialization in JVMCI runtime 0
Event: 697.773 Thread 0x00007efccc0b2200 initialized JVMCI runtime 0
Event: 702.079 Thread 0x00007efccc0b2200 compacted oop handles in JVMCI runtime 0 from 55 to 53
Event: 708.776 Thread 0x00007efccc0b2200 compacted oop handles in JVMCI runtime 0 from 56 to 54
Event: 710.166 Thread 0x00007efccc0b2200 detaching from JVMCI runtime 0: releasing idle compiler thread (0 other threads still attached)
Event: 710.166 Thread 0x00007efccc0b2200 shutting down HotSpotJVMCIRuntime for JVMCI runtime 0
Event: 714.075 Thread 0x00007efccc0b2200 shut down JVMCI runtime 0
Event: 715.459 Thread 0x00007efccc0b2200 destroyed JavaVM[6]@0x00007efc7979e340 for JVMCI runtime 0
Event: 715.459 Thread 0x00007efccc0b2200 compacted oop handles in JVMCI runtime 0 from 54 to 54
Event: 715.459 Thread 0x00007efccc0b2200 releasing handles for JVMCI runtime 0: oop handles=54, metadata handles={total=98, live=96, blocks=39}
Event: 715.459 Thread 0x00007efccc0b2200 detached from JVMCI runtime 0
Event: 936.378 Thread 0x00007efccc0b2200 attached to JVMCI runtime 0
Event: 936.379 Thread 0x00007efccc0b2200 created JavaVM[7]@0x00007efc7979e340 for JVMCI runtime 0
Event: 942.157 Thread 0x00007efccc0b2200 initializing JVMCI runtime 0
Event: 942.157 Thread 0x00007efccc0b2200 done waiting for JavaVM references initialization in JVMCI runtime 0

Compilation events (20 events):
Event: 777.688 Thread 0x00007efccc0b3710 nmethod 8979 0x00007efcb3cdc610 code [0x00007efcb3cdc7c0, 0x00007efcb3cdcd20]
Event: 809.996 Thread 0x00007efccc0b3710 8980       3       jdk.xml.internal.XMLSecurityManager$NameMap::getOldName (18 bytes)
Event: 812.590 Thread 0x00007efccc0b3710 nmethod 8980 0x00007efcb41ddd10 code [0x00007efcb41ddec0, 0x00007efcb41de080]
Event: 821.803 Thread 0x00007efccc0b3710 8981       3       java.util.concurrent.ThreadPoolExecutor::isShutdown (12 bytes)
Event: 821.803 Thread 0x00007efccc0b3710 nmethod 8981 0x00007efcb41f9f90 code [0x00007efcb41fa140, 0x00007efcb41fa330]
Event: 831.627 Thread 0x00007efccc0b3710 8982       3       java.util.concurrent.ScheduledThreadPoolExecutor::canRunInCurrentRunState (61 bytes)
Event: 831.629 Thread 0x00007efccc0b3710 nmethod 8982 0x00007efcb41bcf90 code [0x00007efcb41bd1a0, 0x00007efcb41bdc40]
Event: 853.602 Thread 0x00007efccc0b3710 8983       3       org.eclipse.core.runtime.SubMonitor::isCanceled (20 bytes)
Event: 854.991 Thread 0x00007efccc0b3710 nmethod 8983 0x00007efcb44f7b10 code [0x00007efcb44f7cc0, 0x00007efcb44f80c0]
Event: 854.991 Thread 0x00007efccc0b3710 8984       3       org.eclipse.core.runtime.SubMonitor$RootInfo::isCanceled (10 bytes)
Event: 854.991 Thread 0x00007efccc0b3710 nmethod 8984 0x00007efcb4177e10 code [0x00007efcb4177fc0, 0x00007efcb41782e0]
Event: 854.991 Thread 0x00007efccc0b3710 8985       3       java.io.DataOutputStream::writeBoolean (22 bytes)
Event: 854.991 Thread 0x00007efccc0b3710 nmethod 8985 0x00007efcb452a810 code [0x00007efcb452a9c0, 0x00007efcb452ae00]
Event: 866.885 Thread 0x00007efccc0b3710 8986       3       org.eclipse.jdt.internal.compiler.util.HashtableOfObjectToInt::get (59 bytes)
Event: 868.290 Thread 0x00007efccc0b3710 nmethod 8986 0x00007efcb3dd1890 code [0x00007efcb3dd1a80, 0x00007efcb3dd21f0]
Event: 875.885 Thread 0x00007efccc0b3710 8987       3       org.eclipse.jdt.internal.core.JavaModelManager$VariablesAndContainersSaveHelper::saveNewId (40 bytes)
Event: 875.886 Thread 0x00007efccc0b3710 nmethod 8987 0x00007efcb47b8510 code [0x00007efcb47b8700, 0x00007efcb47b8a50]
Event: 884.955 Thread 0x00007efccc0b3710 8988       3       org.eclipse.jdt.internal.core.JavaModelManager$VariablesAndContainersSaveHelper::saveString (21 bytes)
Event: 887.768 Thread 0x00007efccc0b3710 nmethod 8988 0x00007efcb45a4710 code [0x00007efcb45a48e0, 0x00007efcb45a4b10]
Event: 936.378 Thread 0x00007efccc0b2200 8989       4       java.util.ArrayList::indexOfRange (71 bytes)

GC Heap History (20 events):
Event: 974.192 GC heap before
{Heap before GC invocations=750 (full 654):
 PSYoungGen      total 78336K, used 48639K [0x00000000f5580000, 0x00000000fc700000, 0x0000000100000000)
  eden space 48640K, 99% used [0x00000000f5580000,0x00000000f84ffff8,0x00000000f8500000)
  from space 29696K, 0% used [0x00000000faa00000,0x00000000faa00000,0x00000000fc700000)
  to   space 15872K, 0% used [0x00000000f8500000,0x00000000f8500000,0x00000000f9480000)
 ParOldGen       total 349696K, used 349695K [0x00000000e0000000, 0x00000000f5580000, 0x00000000f5580000)
  object space 349696K, 99% used [0x00000000e0000000,0x00000000f557ff18,0x00000000f5580000)
 Metaspace       used 60265K, committed 61440K, reserved 1105920K
  class space    used 5956K, committed 6400K, reserved 1048576K
}
Event: 975.487 GC heap after
{Heap after GC invocations=750 (full 654):
 PSYoungGen      total 64512K, used 48639K [0x00000000f5580000, 0x00000000fc700000, 0x0000000100000000)
  eden space 48640K, 99% used [0x00000000f5580000,0x00000000f84ffec0,0x00000000f8500000)
  from space 15872K, 0% used [0x00000000f8500000,0x00000000f8500000,0x00000000f9480000)
  to   space 29696K, 0% used [0x00000000faa00000,0x00000000faa00000,0x00000000fc700000)
 ParOldGen       total 349696K, used 349695K [0x00000000e0000000, 0x00000000f5580000, 0x00000000f5580000)
  object space 349696K, 99% used [0x00000000e0000000,0x00000000f557fed0,0x00000000f5580000)
 Metaspace       used 60265K, committed 61440K, reserved 1105920K
  class space    used 5956K, committed 6400K, reserved 1048576K
}
Event: 975.488 GC heap before
{Heap before GC invocations=751 (full 655):
 PSYoungGen      total 64512K, used 48639K [0x00000000f5580000, 0x00000000fc700000, 0x0000000100000000)
  eden space 48640K, 99% used [0x00000000f5580000,0x00000000f84ffff0,0x00000000f8500000)
  from space 15872K, 0% used [0x00000000f8500000,0x00000000f8500000,0x00000000f9480000)
  to   space 29696K, 0% used [0x00000000faa00000,0x00000000faa00000,0x00000000fc700000)
 ParOldGen       total 349696K, used 349695K [0x00000000e0000000, 0x00000000f5580000, 0x00000000f5580000)
  object space 349696K, 99% used [0x00000000e0000000,0x00000000f557fed0,0x00000000f5580000)
 Metaspace       used 60265K, committed 61440K, reserved 1105920K
  class space    used 5956K, committed 6400K, reserved 1048576K
}
Event: 976.787 GC heap after
{Heap after GC invocations=751 (full 655):
 PSYoungGen      total 78336K, used 48639K [0x00000000f5580000, 0x00000000fc700000, 0x0000000100000000)
  eden space 48640K, 99% used [0x00000000f5580000,0x00000000f84fffb8,0x00000000f8500000)
  from space 29696K, 0% used [0x00000000faa00000,0x00000000faa00000,0x00000000fc700000)
  to   space 15872K, 0% used [0x00000000f8500000,0x00000000f8500000,0x00000000f9480000)
 ParOldGen       total 349696K, used 349695K [0x00000000e0000000, 0x00000000f5580000, 0x00000000f5580000)
  object space 349696K, 99% used [0x00000000e0000000,0x00000000f557fed0,0x00000000f5580000)
 Metaspace       used 60265K, committed 61440K, reserved 1105920K
  class space    used 5956K, committed 6400K, reserved 1048576K
}
Event: 976.787 GC heap before
{Heap before GC invocations=752 (full 656):
 PSYoungGen      total 78336K, used 48639K [0x00000000f5580000, 0x00000000fc700000, 0x0000000100000000)
  eden space 48640K, 99% used [0x00000000f5580000,0x00000000f84ffff0,0x00000000f8500000)
  from space 29696K, 0% used [0x00000000faa00000,0x00000000faa00000,0x00000000fc700000)
  to   space 15872K, 0% used [0x00000000f8500000,0x00000000f8500000,0x00000000f9480000)
 ParOldGen       total 349696K, used 349695K [0x00000000e0000000, 0x00000000f5580000, 0x00000000f5580000)
  object space 349696K, 99% used [0x00000000e0000000,0x00000000f557fed0,0x00000000f5580000)
 Metaspace       used 60265K, committed 61440K, reserved 1105920K
  class space    used 5956K, committed 6400K, reserved 1048576K
}
Event: 978.176 GC heap after
{Heap after GC invocations=752 (full 656):
 PSYoungGen      total 64512K, used 48639K [0x00000000f5580000, 0x00000000fc700000, 0x0000000100000000)
  eden space 48640K, 99% used [0x00000000f5580000,0x00000000f84ffff0,0x00000000f8500000)
  from space 15872K, 0% used [0x00000000f8500000,0x00000000f8500000,0x00000000f9480000)
  to   space 29696K, 0% used [0x00000000faa00000,0x00000000faa00000,0x00000000fc700000)
 ParOldGen       total 349696K, used 349695K [0x00000000e0000000, 0x00000000f5580000, 0x00000000f5580000)
  object space 349696K, 99% used [0x00000000e0000000,0x00000000f557fed0,0x00000000f5580000)
 Metaspace       used 60265K, committed 61440K, reserved 1105920K
  class space    used 5956K, committed 6400K, reserved 1048576K
}
Event: 978.176 GC heap before
{Heap before GC invocations=753 (full 657):
 PSYoungGen      total 64512K, used 48639K [0x00000000f5580000, 0x00000000fc700000, 0x0000000100000000)
  eden space 48640K, 99% used [0x00000000f5580000,0x00000000f84ffff0,0x00000000f8500000)
  from space 15872K, 0% used [0x00000000f8500000,0x00000000f8500000,0x00000000f9480000)
  to   space 29696K, 0% used [0x00000000faa00000,0x00000000faa00000,0x00000000fc700000)
 ParOldGen       total 349696K, used 349695K [0x00000000e0000000, 0x00000000f5580000, 0x00000000f5580000)
  object space 349696K, 99% used [0x00000000e0000000,0x00000000f557ffc0,0x00000000f5580000)
 Metaspace       used 60265K, committed 61440K, reserved 1105920K
  class space    used 5956K, committed 6400K, reserved 1048576K
}
Event: 979.466 GC heap after
{Heap after GC invocations=753 (full 657):
 PSYoungGen      total 78336K, used 48639K [0x00000000f5580000, 0x00000000fc700000, 0x0000000100000000)
  eden space 48640K, 99% used [0x00000000f5580000,0x00000000f84ffef0,0x00000000f8500000)
  from space 29696K, 0% used [0x00000000faa00000,0x00000000faa00000,0x00000000fc700000)
  to   space 15872K, 0% used [0x00000000f8500000,0x00000000f8500000,0x00000000f9480000)
 ParOldGen       total 349696K, used 349695K [0x00000000e0000000, 0x00000000f5580000, 0x00000000f5580000)
  object space 349696K, 99% used [0x00000000e0000000,0x00000000f557ff60,0x00000000f5580000)
 Metaspace       used 60265K, committed 61440K, reserved 1105920K
  class space    used 5956K, committed 6400K, reserved 1048576K
}
Event: 979.466 GC heap before
{Heap before GC invocations=754 (full 658):
 PSYoungGen      total 78336K, used 48639K [0x00000000f5580000, 0x00000000fc700000, 0x0000000100000000)
  eden space 48640K, 99% used [0x00000000f5580000,0x00000000f84fff80,0x00000000f8500000)
  from space 29696K, 0% used [0x00000000faa00000,0x00000000faa00000,0x00000000fc700000)
  to   space 15872K, 0% used [0x00000000f8500000,0x00000000f8500000,0x00000000f9480000)
 ParOldGen       total 349696K, used 349695K [0x00000000e0000000, 0x00000000f5580000, 0x00000000f5580000)
  object space 349696K, 99% used [0x00000000e0000000,0x00000000f557ff60,0x00000000f5580000)
 Metaspace       used 60265K, committed 61440K, reserved 1105920K
  class space    used 5956K, committed 6400K, reserved 1048576K
}
Event: 980.677 GC heap after
{Heap after GC invocations=754 (full 658):
 PSYoungGen      total 64512K, used 48639K [0x00000000f5580000, 0x00000000fc700000, 0x0000000100000000)
  eden space 48640K, 99% used [0x00000000f5580000,0x00000000f84fff80,0x00000000f8500000)
  from space 15872K, 0% used [0x00000000f8500000,0x00000000f8500000,0x00000000f9480000)
  to   space 29696K, 0% used [0x00000000faa00000,0x00000000faa00000,0x00000000fc700000)
 ParOldGen       total 349696K, used 349695K [0x00000000e0000000, 0x00000000f5580000, 0x00000000f5580000)
  object space 349696K, 99% used [0x00000000e0000000,0x00000000f557ff60,0x00000000f5580000)
 Metaspace       used 60265K, committed 61440K, reserved 1105920K
  class space    used 5956K, committed 6400K, reserved 1048576K
}
Event: 980.677 GC heap before
{Heap before GC invocations=755 (full 659):
 PSYoungGen      total 64512K, used 48639K [0x00000000f5580000, 0x00000000fc700000, 0x0000000100000000)
  eden space 48640K, 99% used [0x00000000f5580000,0x00000000f84fff80,0x00000000f8500000)
  from space 15872K, 0% used [0x00000000f8500000,0x00000000f8500000,0x00000000f9480000)
  to   space 29696K, 0% used [0x00000000faa00000,0x00000000faa00000,0x00000000fc700000)
 ParOldGen       total 349696K, used 349695K [0x00000000e0000000, 0x00000000f5580000, 0x00000000f5580000)
  object space 349696K, 99% used [0x00000000e0000000,0x00000000f557fff0,0x00000000f5580000)
 Metaspace       used 60265K, committed 61440K, reserved 1105920K
  class space    used 5956K, committed 6400K, reserved 1048576K
}
Event: 982.004 GC heap after
{Heap after GC invocations=755 (full 659):
 PSYoungGen      total 78336K, used 48639K [0x00000000f5580000, 0x00000000fc700000, 0x0000000100000000)
  eden space 48640K, 99% used [0x00000000f5580000,0x00000000f84fff80,0x00000000f8500000)
  from space 29696K, 0% used [0x00000000faa00000,0x00000000faa00000,0x00000000fc700000)
  to   space 15872K, 0% used [0x00000000f8500000,0x00000000f8500000,0x00000000f9480000)
 ParOldGen       total 349696K, used 349695K [0x00000000e0000000, 0x00000000f5580000, 0x00000000f5580000)
  object space 349696K, 99% used [0x00000000e0000000,0x00000000f557fff0,0x00000000f5580000)
 Metaspace       used 60265K, committed 61440K, reserved 1105920K
  class space    used 5956K, committed 6400K, reserved 1048576K
}
Event: 982.004 GC heap before
{Heap before GC invocations=756 (full 660):
 PSYoungGen      total 78336K, used 48639K [0x00000000f5580000, 0x00000000fc700000, 0x0000000100000000)
  eden space 48640K, 99% used [0x00000000f5580000,0x00000000f84fff80,0x00000000f8500000)
  from space 29696K, 0% used [0x00000000faa00000,0x00000000faa00000,0x00000000fc700000)
  to   space 15872K, 0% used [0x00000000f8500000,0x00000000f8500000,0x00000000f9480000)
 ParOldGen       total 349696K, used 349695K [0x00000000e0000000, 0x00000000f5580000, 0x00000000f5580000)
  object space 349696K, 99% used [0x00000000e0000000,0x00000000f557fff0,0x00000000f5580000)
 Metaspace       used 60265K, committed 61440K, reserved 1105920K
  class space    used 5956K, committed 6400K, reserved 1048576K
}
Event: 983.307 GC heap after
{Heap after GC invocations=756 (full 660):
 PSYoungGen      total 64512K, used 48639K [0x00000000f5580000, 0x00000000fc700000, 0x0000000100000000)
  eden space 48640K, 99% used [0x00000000f5580000,0x00000000f84fff80,0x00000000f8500000)
  from space 15872K, 0% used [0x00000000f8500000,0x00000000f8500000,0x00000000f9480000)
  to   space 29696K, 0% used [0x00000000faa00000,0x00000000faa00000,0x00000000fc700000)
 ParOldGen       total 349696K, used 349695K [0x00000000e0000000, 0x00000000f5580000, 0x00000000f5580000)
  object space 349696K, 99% used [0x00000000e0000000,0x00000000f557fff0,0x00000000f5580000)
 Metaspace       used 60265K, committed 61440K, reserved 1105920K
  class space    used 5956K, committed 6400K, reserved 1048576K
}
Event: 983.308 GC heap before
{Heap before GC invocations=757 (full 661):
 PSYoungGen      total 64512K, used 48640K [0x00000000f5580000, 0x00000000fc700000, 0x0000000100000000)
  eden space 48640K, 100% used [0x00000000f5580000,0x00000000f8500000,0x00000000f8500000)
  from space 15872K, 0% used [0x00000000f8500000,0x00000000f8500000,0x00000000f9480000)
  to   space 29696K, 0% used [0x00000000faa00000,0x00000000faa00000,0x00000000fc700000)
 ParOldGen       total 349696K, used 349696K [0x00000000e0000000, 0x00000000f5580000, 0x00000000f5580000)
  object space 349696K, 100% used [0x00000000e0000000,0x00000000f5580000,0x00000000f5580000)
 Metaspace       used 60265K, committed 61440K, reserved 1105920K
  class space    used 5956K, committed 6400K, reserved 1048576K
}
Event: 984.657 GC heap after
{Heap after GC invocations=757 (full 661):
 PSYoungGen      total 78336K, used 48639K [0x00000000f5580000, 0x00000000fc700000, 0x0000000100000000)
  eden space 48640K, 99% used [0x00000000f5580000,0x00000000f84fff40,0x00000000f8500000)
  from space 29696K, 0% used [0x00000000faa00000,0x00000000faa00000,0x00000000fc700000)
  to   space 15872K, 0% used [0x00000000f8500000,0x00000000f8500000,0x00000000f9480000)
 ParOldGen       total 349696K, used 349695K [0x00000000e0000000, 0x00000000f5580000, 0x00000000f5580000)
  object space 349696K, 99% used [0x00000000e0000000,0x00000000f557fee8,0x00000000f5580000)
 Metaspace       used 60265K, committed 61440K, reserved 1105920K
  class space    used 5956K, committed 6400K, reserved 1048576K
}
Event: 984.658 GC heap before
{Heap before GC invocations=758 (full 662):
 PSYoungGen      total 78336K, used 48639K [0x00000000f5580000, 0x00000000fc700000, 0x0000000100000000)
  eden space 48640K, 99% used [0x00000000f5580000,0x00000000f84fff98,0x00000000f8500000)
  from space 29696K, 0% used [0x00000000faa00000,0x00000000faa00000,0x00000000fc700000)
  to   space 15872K, 0% used [0x00000000f8500000,0x00000000f8500000,0x00000000f9480000)
 ParOldGen       total 349696K, used 349695K [0x00000000e0000000, 0x00000000f5580000, 0x00000000f5580000)
  object space 349696K, 99% used [0x00000000e0000000,0x00000000f557fee8,0x00000000f5580000)
 Metaspace       used 60265K, committed 61440K, reserved 1105920K
  class space    used 5956K, committed 6400K, reserved 1048576K
}
Event: 986.180 GC heap after
{Heap after GC invocations=758 (full 662):
 PSYoungGen      total 64512K, used 48639K [0x00000000f5580000, 0x00000000fc700000, 0x0000000100000000)
  eden space 48640K, 99% used [0x00000000f5580000,0x00000000f84fff58,0x00000000f8500000)
  from space 15872K, 0% used [0x00000000f8500000,0x00000000f8500000,0x00000000f9480000)
  to   space 29696K, 0% used [0x00000000faa00000,0x00000000faa00000,0x00000000fc700000)
 ParOldGen       total 349696K, used 349695K [0x00000000e0000000, 0x00000000f5580000, 0x00000000f5580000)
  object space 349696K, 99% used [0x00000000e0000000,0x00000000f557fee8,0x00000000f5580000)
 Metaspace       used 60265K, committed 61440K, reserved 1105920K
  class space    used 5956K, committed 6400K, reserved 1048576K
}
Event: 986.180 GC heap before
{Heap before GC invocations=759 (full 663):
 PSYoungGen      total 64512K, used 48639K [0x00000000f5580000, 0x00000000fc700000, 0x0000000100000000)
  eden space 48640K, 99% used [0x00000000f5580000,0x00000000f84fff58,0x00000000f8500000)
  from space 15872K, 0% used [0x00000000f8500000,0x00000000f8500000,0x00000000f9480000)
  to   space 29696K, 0% used [0x00000000faa00000,0x00000000faa00000,0x00000000fc700000)
 ParOldGen       total 349696K, used 349695K [0x00000000e0000000, 0x00000000f5580000, 0x00000000f5580000)
  object space 349696K, 99% used [0x00000000e0000000,0x00000000f557fee8,0x00000000f5580000)
 Metaspace       used 60265K, committed 61440K, reserved 1105920K
  class space    used 5956K, committed 6400K, reserved 1048576K
}
Event: 987.403 GC heap after
{Heap after GC invocations=759 (full 663):
 PSYoungGen      total 78336K, used 48639K [0x00000000f5580000, 0x00000000fc700000, 0x0000000100000000)
  eden space 48640K, 99% used [0x00000000f5580000,0x00000000f84fff58,0x00000000f8500000)
  from space 29696K, 0% used [0x00000000faa00000,0x00000000faa00000,0x00000000fc700000)
  to   space 15872K, 0% used [0x00000000f8500000,0x00000000f8500000,0x00000000f9480000)
 ParOldGen       total 349696K, used 349695K [0x00000000e0000000, 0x00000000f5580000, 0x00000000f5580000)
  object space 349696K, 99% used [0x00000000e0000000,0x00000000f557fee8,0x00000000f5580000)
 Metaspace       used 60265K, committed 61440K, reserved 1105920K
  class space    used 5956K, committed 6400K, reserved 1048576K
}

Dll operation events (9 events):
Event: 0.006 Loaded shared library /nix/store/gpxl5qgg8kicmcvivwmybwjlpf7wh20l-graalvm17-ce-22.3.0/lib/libjava.so
Event: 0.016 Loaded shared library /nix/store/gpxl5qgg8kicmcvivwmybwjlpf7wh20l-graalvm17-ce-22.3.0/lib/libjsvml.so
Event: 0.273 Loaded shared library /nix/store/gpxl5qgg8kicmcvivwmybwjlpf7wh20l-graalvm17-ce-22.3.0/lib/libnio.so
Event: 0.283 Loaded shared library /nix/store/gpxl5qgg8kicmcvivwmybwjlpf7wh20l-graalvm17-ce-22.3.0/lib/libjvmcicompiler.so
Event: 0.289 Loaded shared library /nix/store/gpxl5qgg8kicmcvivwmybwjlpf7wh20l-graalvm17-ce-22.3.0/lib/libzip.so
Event: 0.866 Loaded shared library /nix/store/gpxl5qgg8kicmcvivwmybwjlpf7wh20l-graalvm17-ce-22.3.0/lib/libjimage.so
Event: 1.565 Loaded shared library /nix/store/gpxl5qgg8kicmcvivwmybwjlpf7wh20l-graalvm17-ce-22.3.0/lib/libnet.so
Event: 4.510 Loaded shared library /home/runner/.cache/jdt-language-server/config/org.eclipse.equinox.launcher/org.eclipse.equinox.launcher.gtk.linux.x86_64_1.2.400.v20211117-0650/eclipse_11600.so
Event: 12.174 Loaded shared library /nix/store/gpxl5qgg8kicmcvivwmybwjlpf7wh20l-graalvm17-ce-22.3.0/lib/libextnet.so

Deoptimization events (20 events):
Event: 61.567 Thread 0x00007efc64484660 DEOPT PACKING pc=0x00007efcb3ce1905 sp=0x00007efcb01fe530
Event: 61.567 Thread 0x00007efc64484660 DEOPT UNPACKING pc=0x00007efcb3505325 sp=0x00007efcb01fda20 mode 0
Event: 61.568 Thread 0x00007efc64484660 DEOPT PACKING pc=0x00007efcb3ce1905 sp=0x00007efcb01fe530
Event: 61.568 Thread 0x00007efc64484660 DEOPT UNPACKING pc=0x00007efcb3505325 sp=0x00007efcb01fda20 mode 0
Event: 61.577 Thread 0x00007efc64484660 DEOPT PACKING pc=0x00007efcb3ce1905 sp=0x00007efcb01fe530
Event: 61.577 Thread 0x00007efc64484660 DEOPT UNPACKING pc=0x00007efcb3505325 sp=0x00007efcb01fda20 mode 0
Event: 534.262 Thread 0x00007efccc0b2200 DEOPT PACKING pc=0x00007efcb47004d8 sp=0x00007efcd0917ef0
Event: 534.262 Thread 0x00007efccc0b2200 DEOPT UNPACKING pc=0x00007efcb3505325 sp=0x00007efcd0917458 mode 0
Event: 882.092 Thread 0x00007efc64484660 Uncommon trap: trap_request=0xffffff8f fr.pc=0x00007efcbb20519f relative=0x00000000000011df
Event: 882.092 Thread 0x00007efc64484660 Uncommon trap: reason=constraint action=none pc=0x00007efcbb20519f method=org.eclipse.jdt.internal.core.index.DiskIndex.copyQueryResults(Lorg/eclipse/jdt/internal/compiler/util/HashtableOfObject;I)V @ 123 jvmci
Event: 882.092 Thread 0x00007efc64484660 DEOPT PACKING pc=0x00007efcbb20519f sp=0x00007efcb01fe530
Event: 882.092 Thread 0x00007efc64484660 DEOPT UNPACKING pc=0x00007efcb3505325 sp=0x00007efcb01fda28 mode 3
Event: 936.377 Thread 0x00007efc64484660 Uncommon trap: trap_request=0xffffff8f fr.pc=0x00007efcbb2051bb relative=0x00000000000011fb
Event: 936.377 Thread 0x00007efc64484660 Uncommon trap: reason=constraint action=none pc=0x00007efcbb2051bb method=org.eclipse.jdt.internal.core.index.DiskIndex.copyQueryResults(Lorg/eclipse/jdt/internal/compiler/util/HashtableOfObject;I)V @ 123 jvmci
Event: 936.377 Thread 0x00007efc64484660 DEOPT PACKING pc=0x00007efcbb2051bb sp=0x00007efcb01fe530
Event: 936.377 Thread 0x00007efc64484660 DEOPT UNPACKING pc=0x00007efcb3505325 sp=0x00007efcb01fda28 mode 3
Event: 939.166 Thread 0x00007efc642a0b20 Uncommon trap: trap_request=0xffffff8f fr.pc=0x00007efcbb058df7 relative=0x00000000000000d7
Event: 939.166 Thread 0x00007efc642a0b20 Uncommon trap: reason=constraint action=none pc=0x00007efcbb058df7 method=java.util.ArrayList.iterator()Ljava/util/Iterator; @ 0 jvmci
Event: 942.157 Thread 0x00007efc642a0b20 DEOPT PACKING pc=0x00007efcbb058df7 sp=0x00007efcb07fe910
Event: 942.157 Thread 0x00007efc642a0b20 DEOPT UNPACKING pc=0x00007efcb3505325 sp=0x00007efcb07fddb8 mode 3

Classes unloaded (20 events):
Event: 70.489 Thread 0x00007efccc0a1c30 Unloading class 0x0000000800edc000 'jdk/internal/reflect/GeneratedConstructorAccessor8'
Event: 70.489 Thread 0x00007efccc0a1c30 Unloading class 0x0000000800d99000 'java/lang/invoke/LambdaForm$MH+0x0000000800d99000'
Event: 70.489 Thread 0x00007efccc0a1c30 Unloading class 0x0000000800d98c00 'java/lang/invoke/LambdaForm$MH+0x0000000800d98c00'
Event: 70.489 Thread 0x00007efccc0a1c30 Unloading class 0x0000000800d98800 'java/lang/invoke/LambdaForm$MH+0x0000000800d98800'
Event: 70.489 Thread 0x00007efccc0a1c30 Unloading class 0x0000000800d98400 'java/lang/invoke/LambdaForm$MH+0x0000000800d98400'
Event: 70.489 Thread 0x00007efccc0a1c30 Unloading class 0x0000000800d98000 'jdk/internal/reflect/GeneratedConstructorAccessor3'
Event: 70.489 Thread 0x00007efccc0a1c30 Unloading class 0x0000000800d06800 'java/lang/invoke/LambdaForm$MH+0x0000000800d06800'
Event: 70.489 Thread 0x00007efccc0a1c30 Unloading class 0x0000000800d06000 'java/lang/invoke/LambdaForm$MH+0x0000000800d06000'
Event: 70.489 Thread 0x00007efccc0a1c30 Unloading class 0x0000000800d05c00 'java/lang/invoke/LambdaForm$MH+0x0000000800d05c00'
Event: 70.489 Thread 0x00007efccc0a1c30 Unloading class 0x0000000800d05800 'java/lang/invoke/LambdaForm$MH+0x0000000800d05800'
Event: 70.489 Thread 0x00007efccc0a1c30 Unloading class 0x0000000800d05000 'java/lang/invoke/LambdaForm$MH+0x0000000800d05000'
Event: 70.489 Thread 0x00007efccc0a1c30 Unloading class 0x0000000800d04c00 'java/lang/invoke/LambdaForm$MH+0x0000000800d04c00'
Event: 70.489 Thread 0x00007efccc0a1c30 Unloading class 0x0000000800d04800 'java/lang/invoke/LambdaForm$MH+0x0000000800d04800'
Event: 70.489 Thread 0x00007efccc0a1c30 Unloading class 0x0000000800d04000 'java/lang/invoke/LambdaForm$MH+0x0000000800d04000'
Event: 70.489 Thread 0x00007efccc0a1c30 Unloading class 0x0000000800c1d000 'jdk/internal/reflect/GeneratedMethodAccessor5'
Event: 70.489 Thread 0x00007efccc0a1c30 Unloading class 0x0000000800c1cc00 'jdk/internal/reflect/GeneratedMethodAccessor4'
Event: 70.489 Thread 0x00007efccc0a1c30 Unloading class 0x0000000800c1c800 'jdk/internal/reflect/GeneratedMethodAccessor3'
Event: 70.489 Thread 0x00007efccc0a1c30 Unloading class 0x0000000800c1c400 'jdk/internal/reflect/GeneratedMethodAccessor2'
Event: 70.489 Thread 0x00007efccc0a1c30 Unloading class 0x0000000800c1c000 'jdk/internal/reflect/GeneratedMethodAccessor1'
Event: 70.489 Thread 0x00007efccc0a1c30 Unloading class 0x0000000800c01c00 'java/lang/invoke/LambdaForm$DMH+0x0000000800c01c00'

Classes redefined (0 events):
No events

Internal exceptions (20 events):
Event: 40.888 Thread 0x00007efc3c14c1b0 Implicit null exception at 0x00007efcbb18e9a2 to 0x00007efcbb18ed2c
Event: 41.484 Thread 0x00007efc3c14c1b0 Implicit null exception at 0x00007efcbb0c58e9 to 0x00007efcbb0c5a9b
Event: 46.739 Thread 0x00007efc3c14c1b0 Exception <a 'java/lang/NoSuchMethodError'{0x00000000f558a5a0}: 'java.lang.Object java.lang.invoke.DirectMethodHandle$Holder.invokeStatic(java.lang.Object, int, java.lang.Object, java.lang.Object, java.lang.Object, java.lang.Object)'> (0x00000000f558a5a0) 
thrown [src/hotspot/share/interpreter/linkResolver.cpp, line 758]
Event: 46.740 Thread 0x00007efc3c14c1b0 Exception <a 'java/lang/NoSuchMethodError'{0x00000000f5592ac0}: 'java.lang.Object java.lang.invoke.DirectMethodHandle$Holder.newInvokeSpecial(java.lang.Object, int, java.lang.Object, java.lang.Object, java.lang.Object)'> (0x00000000f5592ac0) 
thrown [src/hotspot/share/interpreter/linkResolver.cpp, line 758]
Event: 47.187 Thread 0x00007efc3c14c1b0 Exception <a 'java/lang/NoSuchMethodError'{0x00000000f5ea9a20}: 'void java.lang.invoke.DirectMethodHandle$Holder.invokeSpecial(java.lang.Object, java.lang.Object, int)'> (0x00000000f5ea9a20) 
thrown [src/hotspot/share/interpreter/linkResolver.cpp, line 758]
Event: 48.169 Thread 0x00007efc3c14c1b0 Exception <a 'java/lang/NoSuchMethodError'{0x00000000f5fd5d98}: 'int java.lang.invoke.DirectMethodHandle$Holder.invokeSpecialIFC(java.lang.Object, java.lang.Object, java.lang.Object, java.lang.Object)'> (0x00000000f5fd5d98) 
thrown [src/hotspot/share/interpreter/linkResolver.cpp, line 758]
Event: 882.091 Thread 0x00007efc64484660 Exception <a 'java/lang/OutOfMemoryError'{0x00000000e0004730}> (0x00000000e0004730) 
thrown [src/hotspot/share/gc/shared/memAllocator.cpp, line 138]
Event: 882.092 Thread 0x00007efc64484660 Implicit null exception at 0x00007efcbb204c0e to 0x00007efcbb205184
Event: 887.767 Thread 0x00007efc48001010 Exception <a 'java/lang/OutOfMemoryError'{0x00000000e0003bf0}> (0x00000000e0003bf0) 
thrown [src/hotspot/share/gc/shared/memAllocator.cpp, line 136]
Event: 933.657 Thread 0x00007efc64484660 Exception <a 'java/lang/OutOfMemoryError'{0x00000000e0003ec0}> (0x00000000e0003ec0) 
thrown [src/hotspot/share/gc/shared/memAllocator.cpp, line 138]
Event: 936.377 Thread 0x00007efc64484660 Implicit null exception at 0x00007efcbb204c42 to 0x00007efcbb2051a0
Event: 936.377 Thread 0x00007efccc4c8770 Exception <a 'java/lang/OutOfMemoryError'{0x00000000e00041e0}> (0x00000000e00041e0) 
thrown [src/hotspot/share/gc/shared/memAllocator.cpp, line 136]
Event: 939.166 Thread 0x00007efc642a0b20 Exception <a 'java/lang/OutOfMemoryError'{0x00000000e0003ec0}> (0x00000000e0003ec0) 
thrown [src/hotspot/share/gc/shared/memAllocator.cpp, line 138]
Event: 939.166 Thread 0x00007efc642a0b20 Implicit null exception at 0x00007efcbb058dd8 to 0x00007efcbb058ddc
Event: 942.157 Thread 0x00007efccc4a1100 Exception <a 'java/lang/OutOfMemoryError'{0x00000000e00041e0}> (0x00000000e00041e0) 
thrown [src/hotspot/share/gc/shared/memAllocator.cpp, line 136]
Event: 945.364 Thread 0x00007efccc4a1100 Exception <a 'java/lang/OutOfMemoryError'{0x00000000e00041e0}> (0x00000000e00041e0) 
thrown [src/hotspot/share/gc/shared/memAllocator.cpp, line 136]
Event: 949.769 Thread 0x00007efccc4a1100 Exception <a 'java/lang/OutOfMemoryError'{0x00000000e00041e0}> (0x00000000e00041e0) 
thrown [src/hotspot/share/gc/shared/memAllocator.cpp, line 136]
Event: 983.307 Thread 0x00007efccc4c8770 Exception <a 'java/lang/OutOfMemoryError'{0x00000000e00041e0}> (0x00000000e00041e0) 
thrown [src/hotspot/share/gc/shared/memAllocator.cpp, line 136]
Event: 983.307 Thread 0x00007efccc4c8770 Exception <a 'java/lang/reflect/InvocationTargetException'{0x00000000f557fec0}> (0x00000000f557fec0) 
thrown [src/hotspot/share/runtime/reflection.cpp, line 1119]
Event: 987.403 Thread 0x00007efccc0b2200 Exception <a 'java/lang/OutOfMemoryError'{0x00000000e00041e0}> (0x00000000e00041e0) 
thrown [src/hotspot/share/gc/shared/memAllocator.cpp, line 136]

VM Operations (20 events):
Event: 971.703 Executing VM operation: ParallelGCFailedAllocation
Event: 972.885 Executing VM operation: ParallelGCFailedAllocation done
Event: 972.885 Executing VM operation: ParallelGCFailedAllocation
Event: 974.192 Executing VM operation: ParallelGCFailedAllocation done
Event: 974.192 Executing VM operation: ParallelGCFailedAllocation
Event: 975.488 Executing VM operation: ParallelGCFailedAllocation done
Event: 975.488 Executing VM operation: ParallelGCFailedAllocation
Event: 976.787 Executing VM operation: ParallelGCFailedAllocation done
Event: 976.787 Executing VM operation: ParallelGCFailedAllocation
Event: 978.176 Executing VM operation: ParallelGCFailedAllocation done
Event: 978.176 Executing VM operation: ParallelGCFailedAllocation
Event: 979.466 Executing VM operation: ParallelGCFailedAllocation done
Event: 979.466 Executing VM operation: ParallelGCFailedAllocation
Event: 980.677 Executing VM operation: ParallelGCFailedAllocation done
Event: 980.677 Executing VM operation: ParallelGCFailedAllocation
Event: 983.307 Executing VM operation: ParallelGCFailedAllocation done
Event: 983.307 Executing VM operation: ParallelGCFailedAllocation
Event: 984.657 Executing VM operation: ParallelGCFailedAllocation done
Event: 984.658 Executing VM operation: ParallelGCFailedAllocation
Event: 987.403 Executing VM operation: ParallelGCFailedAllocation done

Events (20 events):
Event: 116.180 Thread 0x00007efc30000ff0 Thread exited: 0x00007efc30000ff0
Event: 166.907 Thread 0x00007efc540010d0 Thread exited: 0x00007efc540010d0
Event: 212.205 Thread 0x00007efc3c14c1b0 Thread added: 0x00007efc3c14c1b0
Event: 212.205 Protecting memory [0x00007efcb0300000,0x00007efcb0304000] with protection modes 0
Event: 292.327 Thread 0x00007efc3c035ae0 Thread added: 0x00007efc3c035ae0
Event: 292.327 Protecting memory [0x00007efc7a500000,0x00007efc7a504000] with protection modes 0
Event: 378.697 Thread 0x00007efc3c036400 Thread added: 0x00007efc3c036400
Event: 378.697 Protecting memory [0x00007efc7a300000,0x00007efc7a304000] with protection modes 0
Event: 387.869 loading class java/io/InterruptedIOException
Event: 395.207 loading class java/io/InterruptedIOException done
Event: 395.207 loading class javax/net/ssl/SSLException
Event: 399.378 loading class javax/net/ssl/SSLException done
Event: 404.668 Thread 0x00007efc540010d0 Thread added: 0x00007efc540010d0
Event: 404.668 Protecting memory [0x00007efc7a700000,0x00007efc7a704000] with protection modes 0
Event: 433.067 loading class java/lang/AssertionError
Event: 459.515 loading class java/lang/AssertionError done
Event: 475.370 Thread 0x00007efc34430c80 Thread exited: 0x00007efc34430c80
Event: 484.560 Thread 0x00007efc5c004210 Thread exited: 0x00007efc5c004210
Event: 516.687 Thread 0x00007efc34431200 Thread exited: 0x00007efc34431200
Event: 949.769 Thread 0x00007efccc4a1100 Thread exited: 0x00007efccc4a1100


Dynamic libraries:
e0000000-f5580000 rw-p 00000000 00:00 0 
f5580000-fc700000 rw-p 00000000 00:00 0 
fc700000-100000000 ---p 00000000 00:00 0 
800000000-800449000 rw-p 00001000 00:2282 4611686019135357769            /nix/store/gpxl5qgg8kicmcvivwmybwjlpf7wh20l-graalvm17-ce-22.3.0/lib/server/classes.jsa
800449000-800bc8000 r--p 0044a000 00:2282 4611686019135357769            /nix/store/gpxl5qgg8kicmcvivwmybwjlpf7wh20l-graalvm17-ce-22.3.0/lib/server/classes.jsa
800bc8000-800c00000 ---p 00000000 00:00 0 
800c00000-800c20000 rw-p 00000000 00:00 0 
800c20000-800c40000 rw-p 00000000 00:00 0 
800c40000-800cc0000 rw-p 00000000 00:00 0 
800cc0000-800d00000 rw-p 00000000 00:00 0 
800d00000-800dc0000 rw-p 00000000 00:00 0 
800dc0000-800e00000 rw-p 00000000 00:00 0 
800e00000-800f40000 rw-p 00000000 00:00 0 
800f40000-800fc0000 rw-p 00000000 00:00 0 
800fc0000-800ff0000 rw-p 00000000 00:00 0 
800ff0000-801000000 ---p 00000000 00:00 0 
801000000-801250000 rw-p 00000000 00:00 0 
801250000-840c00000 ---p 00000000 00:00 0 
55c1b6fc3000-55c1b6fc4000 r-xp 00000000 00:2282 4611686019099417844      /nix/store/gpxl5qgg8kicmcvivwmybwjlpf7wh20l-graalvm17-ce-22.3.0/bin/.java-wrapped
55c1b6fc5000-55c1b6fc6000 r--p 00001000 00:2282 4611686019099417844      /nix/store/gpxl5qgg8kicmcvivwmybwjlpf7wh20l-graalvm17-ce-22.3.0/bin/.java-wrapped
55c1b6fc6000-55c1b6fc7000 rw-p 00002000 00:2282 4611686019099417844      /nix/store/gpxl5qgg8kicmcvivwmybwjlpf7wh20l-graalvm17-ce-22.3.0/bin/.java-wrapped
55c1b6fc7000-55c1b6fc8000 rw-p 00004000 00:2282 4611686019099417844      /nix/store/gpxl5qgg8kicmcvivwmybwjlpf7wh20l-graalvm17-ce-22.3.0/bin/.java-wrapped
55c1b6fc8000-55c1b6fc9000 rw-p 00005000 00:2282 4611686019099417844      /nix/store/gpxl5qgg8kicmcvivwmybwjlpf7wh20l-graalvm17-ce-22.3.0/bin/.java-wrapped
55c1b7434000-55c1b747c000 rw-p 00000000 00:00 0                          [heap]
7efc08000000-7efc0824a000 rw-p 00000000 00:00 0 
7efc0824a000-7efc0c000000 ---p 00000000 00:00 0 
7efc10000000-7efc10021000 rw-p 00000000 00:00 0 
7efc10021000-7efc14000000 ---p 00000000 00:00 0 
7efc14000000-7efc14021000 rw-p 00000000 00:00 0 
7efc14021000-7efc18000000 ---p 00000000 00:00 0 
7efc18000000-7efc18021000 rw-p 00000000 00:00 0 
7efc18021000-7efc1c000000 ---p 00000000 00:00 0 
7efc1dc00000-7efc1e250000 rw-p 00000000 00:00 0 
7efc1e250000-7efc1e400000 ---p 00000000 00:00 0 
7efc1e4b3000-7efc28000000 r--s 00000000 00:2282 4611686019135192581      /nix/store/gpxl5qgg8kicmcvivwmybwjlpf7wh20l-graalvm17-ce-22.3.0/lib/modules
7efc28000000-7efc2806b000 rw-p 00000000 00:00 0 
7efc2806b000-7efc2c000000 ---p 00000000 00:00 0 
7efc2c000000-7efc2c021000 rw-p 00000000 00:00 0 
7efc2c021000-7efc30000000 ---p 00000000 00:00 0 
7efc30000000-7efc30023000 rw-p 00000000 00:00 0 
7efc30023000-7efc34000000 ---p 00000000 00:00 0 
7efc34000000-7efc344fd000 rw-p 00000000 00:00 0 
7efc344fd000-7efc38000000 ---p 00000000 00:00 0 
7efc38000000-7efc38119000 rw-p 00000000 00:00 0 
7efc38119000-7efc3c000000 ---p 00000000 00:00 0 
7efc3c000000-7efc3c172000 rw-p 00000000 00:00 0 
7efc3c172000-7efc40000000 ---p 00000000 00:00 0 
7efc40000000-7efc40021000 rw-p 00000000 00:00 0 
7efc40021000-7efc44000000 ---p 00000000 00:00 0 
7efc44000000-7efc44021000 rw-p 00000000 00:00 0 
7efc44021000-7efc48000000 ---p 00000000 00:00 0 
7efc48000000-7efc482fe000 rw-p 00000000 00:00 0 
7efc482fe000-7efc4c000000 ---p 00000000 00:00 0 
7efc4c000000-7efc4c064000 rw-p 00000000 00:00 0 
7efc4c064000-7efc50000000 ---p 00000000 00:00 0 
7efc50000000-7efc50021000 rw-p 00000000 00:00 0 
7efc50021000-7efc54000000 ---p 00000000 00:00 0 
7efc54000000-7efc54053000 rw-p 00000000 00:00 0 
7efc54053000-7efc58000000 ---p 00000000 00:00 0 
7efc58000000-7efc58021000 rw-p 00000000 00:00 0 
7efc58021000-7efc5c000000 ---p 00000000 00:00 0 
7efc5c000000-7efc5c021000 rw-p 00000000 00:00 0 
7efc5c021000-7efc60000000 ---p 00000000 00:00 0 
7efc60000000-7efc60025000 rw-p 00000000 00:00 0 
7efc60025000-7efc64000000 ---p 00000000 00:00 0 
7efc64000000-7efc648ba000 rw-p 00000000 00:00 0 
7efc648ba000-7efc68000000 ---p 00000000 00:00 0 
7efc68c00000-7efc690c0000 rw-p 00000000 00:00 0 
7efc690c0000-7efc69300000 rw-p 00000000 00:00 0 
7efc69300000-7efc69370000 rw-p 00000000 00:00 0 
7efc69370000-7efc69400000 ---p 00000000 00:00 0 
7efc69400000-7efc695c0000 rw-p 00000000 00:00 0 
7efc695c0000-7efc69600000 rw-p 00000000 00:00 0 
7efc69600000-7efc69900000 rw-p 00000000 00:00 0 
7efc69900000-7efc69a00000 rw-p 00000000 00:00 0 
7efc69a00000-7efc69c00000 rw-p 00000000 00:00 0 
7efc69c00000-7efc69d00000 rw-p 00000000 00:00 0 
7efc69d00000-7efc69f00000 rw-p 00000000 00:00 0 
7efc69f00000-7efc6a100000 rw-p 00000000 00:00 0 
7efc6a100000-7efc6a200000 rw-p 00000000 00:00 0 
7efc6a200000-7efc6a400000 rw-p 00000000 00:00 0 
7efc6a400000-7efc6a500000 rw-p 00000000 00:00 0 
7efc6a500000-7efc6a600000 rw-p 00000000 00:00 0 
7efc6a600000-7efc6ab00000 rw-p 00000000 00:00 0 
7efc6ab00000-7efc6ac00000 rw-p 00000000 00:00 0 
7efc6ac00000-7efc6ad00000 rw-p 00000000 00:00 0 
7efc6ad00000-7efc6ae00000 rw-p 00000000 00:00 0 
7efc6ae00000-7efc6b100000 rw-p 00000000 00:00 0 
7efc6b100000-7efc6b200000 rw-p 00000000 00:00 0 
7efc6b200000-7efc6b400000 rw-p 00000000 00:00 0 
7efc6b400000-7efc6b410000 r-xp 00000000 00:227f 356                      /home/runner/.cache/jdt-language-server/config/org.eclipse.equinox.launcher/org.eclipse.equinox.launcher.gtk.linux.x86_64_1.2.400.v20211117-0650/eclipse_11600.so
7efc6b410000-7efc6b60f000 ---p 00010000 00:227f 356                      /home/runner/.cache/jdt-language-server/config/org.eclipse.equinox.launcher/org.eclipse.equinox.launcher.gtk.linux.x86_64_1.2.400.v20211117-0650/eclipse_11600.so
7efc6b60f000-7efc6b610000 r--p 0000f000 00:227f 356                      /home/runner/.cache/jdt-language-server/config/org.eclipse.equinox.launcher/org.eclipse.equinox.launcher.gtk.linux.x86_64_1.2.400.v20211117-0650/eclipse_11600.so
7efc6b610000-7efc6b611000 rw-p 00010000 00:227f 356                      /home/runner/.cache/jdt-language-server/config/org.eclipse.equinox.launcher/org.eclipse.equinox.launcher.gtk.linux.x86_64_1.2.400.v20211117-0650/eclipse_11600.so
7efc6c000000-7efc6c021000 rw-p 00000000 00:00 0 
7efc6c021000-7efc70000000 ---p 00000000 00:00 0 
7efc70000000-7efc70021000 rw-p 00000000 00:00 0 
7efc70021000-7efc74000000 ---p 00000000 00:00 0 
7efc74000000-7efc74021000 rw-p 00000000 00:00 0 
7efc74021000-7efc78000000 ---p 00000000 00:00 0 
7efc78b00000-7efc78c00000 ---p 00000000 00:00 0 
7efc78c00000-7efc791af000 r--p 01122000 00:2282 4611686019135190040      /nix/store/gpxl5qgg8kicmcvivwmybwjlpf7wh20l-graalvm17-ce-22.3.0/lib/libjvmcicompiler.so
7efc791af000-7efc79300000 r--p 00000000 00:00 0 
7efc79300000-7efc7933d000 rw-p 00000000 00:00 0 
7efc7933d000-7efc7985d000 rw-p 0185f000 00:2282 4611686019135190040      /nix/store/gpxl5qgg8kicmcvivwmybwjlpf7wh20l-graalvm17-ce-22.3.0/lib/libjvmcicompiler.so
7efc7985d000-7efc79c44000 r--p 01d7f000 00:2282 4611686019135190040      /nix/store/gpxl5qgg8kicmcvivwmybwjlpf7wh20l-graalvm17-ce-22.3.0/lib/libjvmcicompiler.so
7efc79d00000-7efc79d04000 ---p 00000000 00:00 0 
7efc79d04000-7efc79e00000 rw-p 00000000 00:00 0 
7efc79f00000-7efc79f04000 ---p 00000000 00:00 0 
7efc79f04000-7efc7a000000 rw-p 00000000 00:00 0 
7efc7a100000-7efc7a104000 ---p 00000000 00:00 0 
7efc7a104000-7efc7a200000 rw-p 00000000 00:00 0 
7efc7a300000-7efc7a304000 ---p 00000000 00:00 0 
7efc7a304000-7efc7a400000 rw-p 00000000 00:00 0 
7efc7a400000-7efc7a404000 ---p 00000000 00:00 0 
7efc7a404000-7efc7a500000 rw-p 00000000 00:00 0 
7efc7a500000-7efc7a504000 ---p 00000000 00:00 0 
7efc7a504000-7efc7a600000 rw-p 00000000 00:00 0 
7efc7a700000-7efc7a704000 ---p 00000000 00:00 0 
7efc7a704000-7efc7a800000 rw-p 00000000 00:00 0 
7efc7a900000-7efc7a904000 ---p 00000000 00:00 0 
7efc7a904000-7efc7aa00000 rw-p 00000000 00:00 0 
7efc7ab00000-7efc7ab04000 ---p 00000000 00:00 0 
7efc7ab04000-7efc7ac00000 rw-p 00000000 00:00 0 
7efc7ad00000-7efc7ad04000 ---p 00000000 00:00 0 
7efc7ad04000-7efc7ae00000 rw-p 00000000 00:00 0 
7efc7ba68000-7efc7bf00000 rw-p 00000000 00:00 0 
7efc7c000000-7efc7c021000 rw-p 00000000 00:00 0 
7efc7c021000-7efc80000000 ---p 00000000 00:00 0 
7efc80000000-7efc80021000 rw-p 00000000 00:00 0 
7efc80021000-7efc84000000 ---p 00000000 00:00 0 
7efc84000000-7efc84021000 rw-p 00000000 00:00 0 
7efc84021000-7efc88000000 ---p 00000000 00:00 0 
7efc88000000-7efc88021000 rw-p 00000000 00:00 0 
7efc88021000-7efc8c000000 ---p 00000000 00:00 0 
7efc8c000000-7efc8c0d3000 rw-p 00000000 00:00 0 
7efc8c0d3000-7efc90000000 ---p 00000000 00:00 0 
7efc90000000-7efc90bb9000 rw-p 00000000 00:00 0 
7efc90bb9000-7efc94000000 ---p 00000000 00:00 0 
7efc94000000-7efc94021000 rw-p 00000000 00:00 0 
7efc94021000-7efc98000000 ---p 00000000 00:00 0 
7efc98000000-7efc98021000 rw-p 00000000 00:00 0 
7efc98021000-7efc9c000000 ---p 00000000 00:00 0 
7efc9c000000-7efc9c021000 rw-p 00000000 00:00 0 
7efc9c021000-7efca0000000 ---p 00000000 00:00 0 
7efca0000000-7efca0021000 rw-p 00000000 00:00 0 
7efca0021000-7efca4000000 ---p 00000000 00:00 0 
7efca4000000-7efca4021000 rw-p 00000000 00:00 0 
7efca4021000-7efca8000000 ---p 00000000 00:00 0 
7efca8000000-7efca8021000 rw-p 00000000 00:00 0 
7efca8021000-7efcac000000 ---p 00000000 00:00 0 
7efcac000000-7efcac071000 rw-p 00000000 00:00 0 
7efcac071000-7efcb0000000 ---p 00000000 00:00 0 
7efcb0000000-7efcb0004000 ---p 00000000 00:00 0 
7efcb0004000-7efcb0100000 rw-p 00000000 00:00 0 
7efcb0100000-7efcb0104000 ---p 00000000 00:00 0 
7efcb0104000-7efcb0200000 rw-p 00000000 00:00 0 
7efcb0300000-7efcb0304000 ---p 00000000 00:00 0 
7efcb0304000-7efcb0400000 rw-p 00000000 00:00 0 
7efcb0500000-7efcb0504000 ---p 00000000 00:00 0 
7efcb0504000-7efcb0600000 rw-p 00000000 00:00 0 
7efcb0700000-7efcb0704000 ---p 00000000 00:00 0 
7efcb0704000-7efcb0800000 rw-p 00000000 00:00 0 
7efcb0900000-7efcb0904000 ---p 00000000 00:00 0 
7efcb0904000-7efcb0a00000 rw-p 00000000 00:00 0 
7efcb0a00000-7efcb0a04000 ---p 00000000 00:00 0 
7efcb0a04000-7efcb0b00000 rw-p 00000000 00:00 0 
7efcb0b00000-7efcb0b04000 ---p 00000000 00:00 0 
7efcb0b04000-7efcb0c00000 rw-p 00000000 00:00 0 
7efcb0d00000-7efcb0d04000 ---p 00000000 00:00 0 
7efcb0d04000-7efcb0e00000 rw-p 00000000 00:00 0 
7efcb0f00000-7efcb0f04000 ---p 00000000 00:00 0 
7efcb0f04000-7efcb1000000 rw-p 00000000 00:00 0 
7efcb1000000-7efcb316a000 r-xp 00000000 00:2282 4611686019135190040      /nix/store/gpxl5qgg8kicmcvivwmybwjlpf7wh20l-graalvm17-ce-22.3.0/lib/libjvmcicompiler.so
7efcb316a000-7efcb3369000 ---p 0216a000 00:2282 4611686019135190040      /nix/store/gpxl5qgg8kicmcvivwmybwjlpf7wh20l-graalvm17-ce-22.3.0/lib/libjvmcicompiler.so
7efcb3369000-7efcb336a000 r--p 02169000 00:2282 4611686019135190040      /nix/store/gpxl5qgg8kicmcvivwmybwjlpf7wh20l-graalvm17-ce-22.3.0/lib/libjvmcicompiler.so
7efcb336a000-7efcb336c000 rw-p 0216a000 00:2282 4611686019135190040      /nix/store/gpxl5qgg8kicmcvivwmybwjlpf7wh20l-graalvm17-ce-22.3.0/lib/libjvmcicompiler.so
7efcb336c000-7efcb336d000 rw-p 00000000 00:00 0 
7efcb336d000-7efcb3372000 rw-p 023c3000 00:2282 4611686019135190040      /nix/store/gpxl5qgg8kicmcvivwmybwjlpf7wh20l-graalvm17-ce-22.3.0/lib/libjvmcicompiler.so
7efcb33b3000-7efcb33b7000 ---p 00000000 00:00 0 
7efcb33b7000-7efcb34b3000 rw-p 00000000 00:00 0 
7efcb34b3000-7efcb3723000 rwxp 00000000 00:00 0 
7efcb3723000-7efcb3a42000 ---p 00000000 00:00 0 
7efcb3a42000-7efcb4a92000 rwxp 00000000 00:00 0 
7efcb4a92000-7efcbaf7a000 ---p 00000000 00:00 0 
7efcbaf7a000-7efcbb21a000 rwxp 00000000 00:00 0 
7efcbb21a000-7efcc24b3000 ---p 00000000 00:00 0 
7efcc24b3000-7efccc000000 r--s 00000000 00:2282 4611686019135192581      /nix/store/gpxl5qgg8kicmcvivwmybwjlpf7wh20l-graalvm17-ce-22.3.0/lib/modules
7efccc000000-7efccc60a000 rw-p 00000000 00:00 0 
7efccc60a000-7efcd0000000 ---p 00000000 00:00 0 
7efcd0018000-7efcd001c000 ---p 00000000 00:00 0 
7efcd001c000-7efcd0118000 rw-p 00000000 00:00 0 
7efcd0118000-7efcd0119000 ---p 00000000 00:00 0 
7efcd0119000-7efcd021a000 rw-p 00000000 00:00 0 
7efcd021a000-7efcd021e000 ---p 00000000 00:00 0 
7efcd021e000-7efcd031a000 rw-p 00000000 00:00 0 
7efcd031a000-7efcd031e000 ---p 00000000 00:00 0 
7efcd031e000-7efcd041a000 rw-p 00000000 00:00 0 
7efcd041a000-7efcd041e000 ---p 00000000 00:00 0 
7efcd041e000-7efcd051a000 rw-p 00000000 00:00 0 
7efcd051a000-7efcd051e000 ---p 00000000 00:00 0 
7efcd051e000-7efcd071a000 rw-p 00000000 00:00 0 
7efcd071a000-7efcd071e000 ---p 00000000 00:00 0 
7efcd071e000-7efcd091a000 rw-p 00000000 00:00 0 
7efcd091a000-7efcd091e000 ---p 00000000 00:00 0 
7efcd091e000-7efcd0a1a000 rw-p 00000000 00:00 0 
7efcd0a1a000-7efcd0a1e000 ---p 00000000 00:00 0 
7efcd0a1e000-7efcd0b1a000 rw-p 00000000 00:00 0 
7efcd0b1a000-7efcd0b1e000 ---p 00000000 00:00 0 
7efcd0b1e000-7efcd0c1a000 rw-p 00000000 00:00 0 
7efcd0c1a000-7efcd0f00000 r--p 00000000 00:1311 28444448                 /usr/lib/locale/locale-archive
7efcd0f00000-7efcd0f04000 ---p 00000000 00:00 0 
7efcd0f04000-7efcd1400000 rw-p 00000000 00:00 0 
7efcd1400000-7efcd1700000 rw-p 00000000 00:00 0 
7efcd1700000-7efcd1800000 rw-p 00000000 00:00 0 
7efcd181d000-7efcd181f000 r-xp 00000000 00:2282 4611686019135190017      /nix/store/gpxl5qgg8kicmcvivwmybwjlpf7wh20l-graalvm17-ce-22.3.0/lib/libextnet.so
7efcd181f000-7efcd1820000 r--p 00001000 00:2282 4611686019135190017      /nix/store/gpxl5qgg8kicmcvivwmybwjlpf7wh20l-graalvm17-ce-22.3.0/lib/libextnet.so
7efcd1820000-7efcd1821000 rw-p 00002000 00:2282 4611686019135190017      /nix/store/gpxl5qgg8kicmcvivwmybwjlpf7wh20l-graalvm17-ce-22.3.0/lib/libextnet.so
7efcd1821000-7efcd1822000 rw-p 00004000 00:2282 4611686019135190017      /nix/store/gpxl5qgg8kicmcvivwmybwjlpf7wh20l-graalvm17-ce-22.3.0/lib/libextnet.so
7efcd1822000-7efcd1826000 ---p 00000000 00:00 0 
7efcd1826000-7efcd1844000 rw-p 00000000 00:00 0 
7efcd1844000-7efcd184b000 r-xp 00000000 00:2282 4611686019135192580      /nix/store/gpxl5qgg8kicmcvivwmybwjlpf7wh20l-graalvm17-ce-22.3.0/lib/libzip.so
7efcd184b000-7efcd184c000 ---p 00007000 00:2282 4611686019135192580      /nix/store/gpxl5qgg8kicmcvivwmybwjlpf7wh20l-graalvm17-ce-22.3.0/lib/libzip.so
7efcd184c000-7efcd184d000 r--p 00007000 00:2282 4611686019135192580      /nix/store/gpxl5qgg8kicmcvivwmybwjlpf7wh20l-graalvm17-ce-22.3.0/lib/libzip.so
7efcd184d000-7efcd184e000 rw-p 00008000 00:2282 4611686019135192580      /nix/store/gpxl5qgg8kicmcvivwmybwjlpf7wh20l-graalvm17-ce-22.3.0/lib/libzip.so
7efcd184e000-7efcd1850000 rw-p 0000b000 00:2282 4611686019135192580      /nix/store/gpxl5qgg8kicmcvivwmybwjlpf7wh20l-graalvm17-ce-22.3.0/lib/libzip.so
7efcd1850000-7efcd1865000 r-xp 00000000 00:2282 4611686019135192570      /nix/store/gpxl5qgg8kicmcvivwmybwjlpf7wh20l-graalvm17-ce-22.3.0/lib/libnet.so
7efcd1865000-7efcd1866000 ---p 00015000 00:2282 4611686019135192570      /nix/store/gpxl5qgg8kicmcvivwmybwjlpf7wh20l-graalvm17-ce-22.3.0/lib/libnet.so
7efcd1866000-7efcd1867000 r--p 00015000 00:2282 4611686019135192570      /nix/store/gpxl5qgg8kicmcvivwmybwjlpf7wh20l-graalvm17-ce-22.3.0/lib/libnet.so
7efcd1867000-7efcd1868000 rw-p 00016000 00:2282 4611686019135192570      /nix/store/gpxl5qgg8kicmcvivwmybwjlpf7wh20l-graalvm17-ce-22.3.0/lib/libnet.so
7efcd1868000-7efcd186b000 rw-p 0001b000 00:2282 4611686019135192570      /nix/store/gpxl5qgg8kicmcvivwmybwjlpf7wh20l-graalvm17-ce-22.3.0/lib/libnet.so
7efcd186b000-7efcd187e000 r-xp 00000000 00:2282 4611686019135192571      /nix/store/gpxl5qgg8kicmcvivwmybwjlpf7wh20l-graalvm17-ce-22.3.0/lib/libnio.so
7efcd187e000-7efcd187f000 r--p 00012000 00:2282 4611686019135192571      /nix/store/gpxl5qgg8kicmcvivwmybwjlpf7wh20l-graalvm17-ce-22.3.0/lib/libnio.so
7efcd187f000-7efcd1880000 rw-p 00013000 00:2282 4611686019135192571      /nix/store/gpxl5qgg8kicmcvivwmybwjlpf7wh20l-graalvm17-ce-22.3.0/lib/libnio.so
7efcd1880000-7efcd1885000 rw-p 00019000 00:2282 4611686019135192571      /nix/store/gpxl5qgg8kicmcvivwmybwjlpf7wh20l-graalvm17-ce-22.3.0/lib/libnio.so
7efcd1885000-7efcd1889000 ---p 00000000 00:00 0 
7efcd1889000-7efcd1985000 rw-p 00000000 00:00 0 
7efcd1985000-7efcd1986000 ---p 00000000 00:00 0 
7efcd1986000-7efcd1a87000 rw-p 00000000 00:00 0 
7efcd1a87000-7efcd1b55000 r-xp 00000000 00:2282 4611686019135190036      /nix/store/gpxl5qgg8kicmcvivwmybwjlpf7wh20l-graalvm17-ce-22.3.0/lib/libjsvml.so
7efcd1b55000-7efcd1b56000 r--p 000cd000 00:2282 4611686019135190036      /nix/store/gpxl5qgg8kicmcvivwmybwjlpf7wh20l-graalvm17-ce-22.3.0/lib/libjsvml.so
7efcd1b56000-7efcd1b57000 rw-p 000ce000 00:2282 4611686019135190036      /nix/store/gpxl5qgg8kicmcvivwmybwjlpf7wh20l-graalvm17-ce-22.3.0/lib/libjsvml.so
7efcd1b57000-7efcd342f000 rw-p 00000000 00:00 0 
7efcd342f000-7efcd3430000 ---p 00000000 00:00 0 
7efcd3430000-7efcd35db000 rw-p 00000000 00:00 0 
7efcd35db000-7efcd3615000 rw-p 00000000 00:00 0 
7efcd3615000-7efcd3631000 ---p 00000000 00:00 0 
7efcd3631000-7efcd3638000 rw-p 00000000 00:00 0 
7efcd3638000-7efcd371d000 ---p 00000000 00:00 0 
7efcd371d000-7efcd373e000 rw-p 00000000 00:00 0 
7efcd373e000-7efcd3808000 ---p 00000000 00:00 0 
7efcd3808000-7efcd380d000 rw-p 00000000 00:00 0 
7efcd380d000-7efcd3814000 ---p 00000000 00:00 0 
7efcd3814000-7efcd3838000 r-xp 00000000 00:2282 4611686019135190028      /nix/store/gpxl5qgg8kicmcvivwmybwjlpf7wh20l-graalvm17-ce-22.3.0/lib/libjava.so
7efcd3838000-7efcd3839000 ---p 00024000 00:2282 4611686019135190028      /nix/store/gpxl5qgg8kicmcvivwmybwjlpf7wh20l-graalvm17-ce-22.3.0/lib/libjava.so
7efcd3839000-7efcd383a000 r--p 00024000 00:2282 4611686019135190028      /nix/store/gpxl5qgg8kicmcvivwmybwjlpf7wh20l-graalvm17-ce-22.3.0/lib/libjava.so
7efcd383a000-7efcd383b000 rw-p 00025000 00:2282 4611686019135190028      /nix/store/gpxl5qgg8kicmcvivwmybwjlpf7wh20l-graalvm17-ce-22.3.0/lib/libjava.so
7efcd383b000-7efcd383c000 rw-p 00000000 00:00 0 
7efcd383c000-7efcd3843000 rw-p 0002f000 00:2282 4611686019135190028      /nix/store/gpxl5qgg8kicmcvivwmybwjlpf7wh20l-graalvm17-ce-22.3.0/lib/libjava.so
7efcd3843000-7efcd384b000 rw-s 00000000 00:748 353                       /tmp/hsperfdata_runner/20
7efcd384b000-7efcd384c000 ---p 00000000 00:00 0 
7efcd384c000-7efcd384d000 r--p 00000000 00:00 0 
7efcd384d000-7efcd384e000 rwxp 00000000 00:00 0 
7efcd384e000-7efcd3869000 r-xp 00000000 00:2282 4611686019135190032      /nix/store/gpxl5qgg8kicmcvivwmybwjlpf7wh20l-graalvm17-ce-22.3.0/lib/libjimage.so
7efcd3869000-7efcd386a000 ---p 0001b000 00:2282 4611686019135190032      /nix/store/gpxl5qgg8kicmcvivwmybwjlpf7wh20l-graalvm17-ce-22.3.0/lib/libjimage.so
7efcd386a000-7efcd386c000 r--p 0001b000 00:2282 4611686019135190032      /nix/store/gpxl5qgg8kicmcvivwmybwjlpf7wh20l-graalvm17-ce-22.3.0/lib/libjimage.so
7efcd386c000-7efcd386d000 rw-p 0001d000 00:2282 4611686019135190032      /nix/store/gpxl5qgg8kicmcvivwmybwjlpf7wh20l-graalvm17-ce-22.3.0/lib/libjimage.so
7efcd386d000-7efcd386e000 rw-p 00024000 00:2282 4611686019135190032      /nix/store/gpxl5qgg8kicmcvivwmybwjlpf7wh20l-graalvm17-ce-22.3.0/lib/libjimage.so
7efcd386e000-7efcd3872000 ---p 00000000 00:00 0 
7efcd3872000-7efcd396e000 rw-p 00000000 00:00 0 
7efcd396e000-7efcd397c000 r--p 00000000 00:2282 4611686019027979927      /nix/store/4nlgxhb09sdr51nc9hdm8az5b08vzkgx-glibc-2.35-163/lib/libm.so.6
7efcd397c000-7efcd39ef000 r-xp 0000e000 00:2282 4611686019027979927      /nix/store/4nlgxhb09sdr51nc9hdm8az5b08vzkgx-glibc-2.35-163/lib/libm.so.6
7efcd39ef000-7efcd3a4c000 r--p 00081000 00:2282 4611686019027979927      /nix/store/4nlgxhb09sdr51nc9hdm8az5b08vzkgx-glibc-2.35-163/lib/libm.so.6
7efcd3a4c000-7efcd3a4d000 r--p 000dd000 00:2282 4611686019027979927      /nix/store/4nlgxhb09sdr51nc9hdm8az5b08vzkgx-glibc-2.35-163/lib/libm.so.6
7efcd3a4d000-7efcd3a4e000 rw-p 000de000 00:2282 4611686019027979927      /nix/store/4nlgxhb09sdr51nc9hdm8az5b08vzkgx-glibc-2.35-163/lib/libm.so.6
7efcd3a4e000-7efcd3a4f000 r--p 00000000 00:2282 4611686019027979946      /nix/store/4nlgxhb09sdr51nc9hdm8az5b08vzkgx-glibc-2.35-163/lib/librt.so.1
7efcd3a4f000-7efcd3a50000 r-xp 00001000 00:2282 4611686019027979946      /nix/store/4nlgxhb09sdr51nc9hdm8az5b08vzkgx-glibc-2.35-163/lib/librt.so.1
7efcd3a50000-7efcd3a51000 r--p 00002000 00:2282 4611686019027979946      /nix/store/4nlgxhb09sdr51nc9hdm8az5b08vzkgx-glibc-2.35-163/lib/librt.so.1
7efcd3a51000-7efcd3a52000 r--p 00002000 00:2282 4611686019027979946      /nix/store/4nlgxhb09sdr51nc9hdm8az5b08vzkgx-glibc-2.35-163/lib/librt.so.1
7efcd3a52000-7efcd3a53000 rw-p 00003000 00:2282 4611686019027979946      /nix/store/4nlgxhb09sdr51nc9hdm8az5b08vzkgx-glibc-2.35-163/lib/librt.so.1
7efcd3a53000-7efcd4b66000 r-xp 00000000 00:2282 4611686019135360866      /nix/store/gpxl5qgg8kicmcvivwmybwjlpf7wh20l-graalvm17-ce-22.3.0/lib/server/libjvm.so
7efcd4b66000-7efcd4b67000 ---p 01113000 00:2282 4611686019135360866      /nix/store/gpxl5qgg8kicmcvivwmybwjlpf7wh20l-graalvm17-ce-22.3.0/lib/server/libjvm.so
7efcd4b67000-7efcd4c1c000 r--p 01113000 00:2282 4611686019135360866      /nix/store/gpxl5qgg8kicmcvivwmybwjlpf7wh20l-graalvm17-ce-22.3.0/lib/server/libjvm.so
7efcd4c1c000-7efcd4c50000 rw-p 011c8000 00:2282 4611686019135360866      /nix/store/gpxl5qgg8kicmcvivwmybwjlpf7wh20l-graalvm17-ce-22.3.0/lib/server/libjvm.so
7efcd4c50000-7efcd4cac000 rw-p 00000000 00:00 0 
7efcd4cac000-7efcd4cd4000 r--p 00000000 00:2282 4611686019027979918      /nix/store/4nlgxhb09sdr51nc9hdm8az5b08vzkgx-glibc-2.35-163/lib/libc.so.6
7efcd4cd4000-7efcd4e4a000 r-xp 00028000 00:2282 4611686019027979918      /nix/store/4nlgxhb09sdr51nc9hdm8az5b08vzkgx-glibc-2.35-163/lib/libc.so.6
7efcd4e4a000-7efcd4ea2000 r--p 0019e000 00:2282 4611686019027979918      /nix/store/4nlgxhb09sdr51nc9hdm8az5b08vzkgx-glibc-2.35-163/lib/libc.so.6
7efcd4ea2000-7efcd4ea6000 r--p 001f6000 00:2282 4611686019027979918      /nix/store/4nlgxhb09sdr51nc9hdm8az5b08vzkgx-glibc-2.35-163/lib/libc.so.6
7efcd4ea6000-7efcd4ea8000 rw-p 001fa000 00:2282 4611686019027979918      /nix/store/4nlgxhb09sdr51nc9hdm8az5b08vzkgx-glibc-2.35-163/lib/libc.so.6
7efcd4ea8000-7efcd4eb7000 rw-p 00000000 00:00 0 
7efcd4eb7000-7efcd4eb8000 r--p 00000000 00:2282 4611686019027979923      /nix/store/4nlgxhb09sdr51nc9hdm8az5b08vzkgx-glibc-2.35-163/lib/libdl.so.2
7efcd4eb8000-7efcd4eb9000 r-xp 00001000 00:2282 4611686019027979923      /nix/store/4nlgxhb09sdr51nc9hdm8az5b08vzkgx-glibc-2.35-163/lib/libdl.so.2
7efcd4eb9000-7efcd4eba000 r--p 00002000 00:2282 4611686019027979923      /nix/store/4nlgxhb09sdr51nc9hdm8az5b08vzkgx-glibc-2.35-163/lib/libdl.so.2
7efcd4eba000-7efcd4ebb000 r--p 00002000 00:2282 4611686019027979923      /nix/store/4nlgxhb09sdr51nc9hdm8az5b08vzkgx-glibc-2.35-163/lib/libdl.so.2
7efcd4ebb000-7efcd4ebc000 rw-p 00003000 00:2282 4611686019027979923      /nix/store/4nlgxhb09sdr51nc9hdm8az5b08vzkgx-glibc-2.35-163/lib/libdl.so.2
7efcd4ebc000-7efcd4ebd000 r--p 00000000 00:2282 4611686019027979942      /nix/store/4nlgxhb09sdr51nc9hdm8az5b08vzkgx-glibc-2.35-163/lib/libpthread.so.0
7efcd4ebd000-7efcd4ebe000 r-xp 00001000 00:2282 4611686019027979942      /nix/store/4nlgxhb09sdr51nc9hdm8az5b08vzkgx-glibc-2.35-163/lib/libpthread.so.0
7efcd4ebe000-7efcd4ebf000 r--p 00002000 00:2282 4611686019027979942      /nix/store/4nlgxhb09sdr51nc9hdm8az5b08vzkgx-glibc-2.35-163/lib/libpthread.so.0
7efcd4ebf000-7efcd4ec0000 r--p 00002000 00:2282 4611686019027979942      /nix/store/4nlgxhb09sdr51nc9hdm8az5b08vzkgx-glibc-2.35-163/lib/libpthread.so.0
7efcd4ec0000-7efcd4ec1000 rw-p 00003000 00:2282 4611686019027979942      /nix/store/4nlgxhb09sdr51nc9hdm8az5b08vzkgx-glibc-2.35-163/lib/libpthread.so.0
7efcd4ec1000-7efcd4ecf000 r-xp 00000000 00:2282 4611686019135190033      /nix/store/gpxl5qgg8kicmcvivwmybwjlpf7wh20l-graalvm17-ce-22.3.0/lib/libjli.so
7efcd4ecf000-7efcd4ed0000 ---p 0000e000 00:2282 4611686019135190033      /nix/store/gpxl5qgg8kicmcvivwmybwjlpf7wh20l-graalvm17-ce-22.3.0/lib/libjli.so
7efcd4ed0000-7efcd4ed1000 r--p 0000e000 00:2282 4611686019135190033      /nix/store/gpxl5qgg8kicmcvivwmybwjlpf7wh20l-graalvm17-ce-22.3.0/lib/libjli.so
7efcd4ed1000-7efcd4ed2000 rw-p 0000f000 00:2282 4611686019135190033      /nix/store/gpxl5qgg8kicmcvivwmybwjlpf7wh20l-graalvm17-ce-22.3.0/lib/libjli.so
7efcd4ed2000-7efcd4ed3000 rw-p 00012000 00:2282 4611686019135190033      /nix/store/gpxl5qgg8kicmcvivwmybwjlpf7wh20l-graalvm17-ce-22.3.0/lib/libjli.so
7efcd4ed3000-7efcd4ed6000 r--p 00000000 00:2282 4611686019106210071      /nix/store/026hln0aq1hyshaxsdvhg0kmcm6yf45r-zlib-1.2.13/lib/libz.so.1.2.13
7efcd4ed6000-7efcd4ee8000 r-xp 00003000 00:2282 4611686019106210071      /nix/store/026hln0aq1hyshaxsdvhg0kmcm6yf45r-zlib-1.2.13/lib/libz.so.1.2.13
7efcd4ee8000-7efcd4eef000 r--p 00015000 00:2282 4611686019106210071      /nix/store/026hln0aq1hyshaxsdvhg0kmcm6yf45r-zlib-1.2.13/lib/libz.so.1.2.13
7efcd4eef000-7efcd4ef0000 r--p 0001b000 00:2282 4611686019106210071      /nix/store/026hln0aq1hyshaxsdvhg0kmcm6yf45r-zlib-1.2.13/lib/libz.so.1.2.13
7efcd4ef0000-7efcd4ef1000 rw-p 0001c000 00:2282 4611686019106210071      /nix/store/026hln0aq1hyshaxsdvhg0kmcm6yf45r-zlib-1.2.13/lib/libz.so.1.2.13
7efcd4ef1000-7efcd4ef3000 rw-p 00000000 00:00 0 
7efcd4ef3000-7efcd4ef5000 r--p 00000000 00:2282 4611686019027979912      /nix/store/4nlgxhb09sdr51nc9hdm8az5b08vzkgx-glibc-2.35-163/lib/ld-linux-x86-64.so.2
7efcd4ef5000-7efcd4f1c000 r-xp 00002000 00:2282 4611686019027979912      /nix/store/4nlgxhb09sdr51nc9hdm8az5b08vzkgx-glibc-2.35-163/lib/ld-linux-x86-64.so.2
7efcd4f1c000-7efcd4f28000 r--p 00029000 00:2282 4611686019027979912      /nix/store/4nlgxhb09sdr51nc9hdm8az5b08vzkgx-glibc-2.35-163/lib/ld-linux-x86-64.so.2
7efcd4f28000-7efcd4f2a000 r--p 00034000 00:2282 4611686019027979912      /nix/store/4nlgxhb09sdr51nc9hdm8az5b08vzkgx-glibc-2.35-163/lib/ld-linux-x86-64.so.2
7efcd4f2a000-7efcd4f2c000 rw-p 00036000 00:2282 4611686019027979912      /nix/store/4nlgxhb09sdr51nc9hdm8az5b08vzkgx-glibc-2.35-163/lib/ld-linux-x86-64.so.2
7fff06d63000-7fff06d88000 rw-p 00000000 00:00 0                          [stack]
7fff06d91000-7fff06d95000 r--p 00000000 00:00 0                          [vvar]
7fff06d95000-7fff06d97000 r-xp 00000000 00:00 0                          [vdso]
ffffffffff600000-ffffffffff601000 --xp 00000000 00:00 0                  [vsyscall]


VM Arguments:
jvm_args: -XX:ThreadPriorityPolicy=1 -XX:+UnlockExperimentalVMOptions -XX:+EnableJVMCIProduct -XX:JVMCIThreadsPerNativeLibraryRuntime=1 -XX:-UnlockExperimentalVMOptions -Declipse.application=org.eclipse.jdt.ls.core.id1 -Dosgi.bundles.defaultStartLevel=4 -Declipse.product=org.eclipse.jdt.ls.core.product -Dlog.level=ALL -Xverify:none -XX:+UseParallelGC -XX:GCTimeRatio=4 -XX:AdaptiveSizePolicyWeight=90 -Dsun.zip.disableMemoryMapping=true -Xmx512m -Xms100m 
java_command: /nix/store/m6gcpi1ii6rghy04cjwjddcavv7i90df-jdt-language-server-1.9.0/share/java/plugins/org.eclipse.equinox.launcher_1.6.400.v20210924-0641.jar --add-modules=ALL-SYSTEM --add-opens java.base/java.util=ALL-UNNAMED --add-opens java.base/java.lang=ALL-UNNAMED -configuration /home/runner/.cache/jdt-language-server/config -data /home/runner/.cache/jdt-language-server/data/home/runner/Array-Sorting-And-Hashmaps
java_class_path (initial): /nix/store/m6gcpi1ii6rghy04cjwjddcavv7i90df-jdt-language-server-1.9.0/share/java/plugins/org.eclipse.equinox.launcher_1.6.400.v20210924-0641.jar
Launcher Type: SUN_STANDARD

[Global flags]
    uintx AdaptiveSizePolicyWeight                 = 90                                        {product} {command line}
     intx CICompilerCount                          = 2                                         {product} {ergonomic}
     bool EnableJVMCIProduct                       = true                                {JVMCI product} {jimage}
    uintx GCTimeRatio                              = 4                                         {product} {command line}
   size_t InitialHeapSize                          = 104857600                                 {product} {command line}
     uint JVMCIThreadsPerNativeLibraryRuntime      = 1                                   {JVMCI product} {jimage}
   size_t MaxHeapSize                              = 536870912                                 {product} {command line}
   size_t MaxNewSize                               = 178782208                                 {product} {ergonomic}
   size_t MinHeapDeltaBytes                        = 524288                                    {product} {ergonomic}
   size_t MinHeapSize                              = 104857600                                 {product} {command line}
   size_t NewSize                                  = 34603008                                  {product} {ergonomic}
    uintx NonNMethodCodeHeapSize                   = 5826188                                {pd product} {ergonomic}
    uintx NonProfiledCodeHeapSize                  = 122916026                              {pd product} {ergonomic}
   size_t OldSize                                  = 70254592                                  {product} {ergonomic}
    uintx ProfiledCodeHeapSize                     = 122916026                              {pd product} {ergonomic}
    uintx ReservedCodeCacheSize                    = 251658240                              {pd product} {ergonomic}
     bool SegmentedCodeCache                       = true                                      {product} {ergonomic}
   size_t SoftMaxHeapSize                          = 536870912                              {manageable} {ergonomic}
     intx ThreadPriorityPolicy                     = 1                                         {product} {jimage}
     bool UseCompressedClassPointers               = true                           {product lp64_product} {ergonomic}
     bool UseCompressedOops                        = true                           {product lp64_product} {ergonomic}
     bool UseParallelGC                            = true                                      {product} {command line}

Logging:
Log output configuration:
 #0: stdout all=warning uptime,level,tags
 #1: stderr all=off uptime,level,tags

Environment Variables:
JAVA_HOME=/nix/store/gpxl5qgg8kicmcvivwmybwjlpf7wh20l-graalvm17-ce-22.3.0
PATH=/nix/store/1d6ian3r8kdzspw8hacjhl3xkp40g1lj-binutils-wrapper-2.39/bin:/nix/store/dq0xwmsk1g0i2ayg6pb7y87na2knzylh-gcc-wrapper-11.3.0/bin:/nix/store/bap4d0lpcrhpwmpb8ayjcgkmvfj62lnq-bash-interactive-5.1-p16/bin:/nix/store/pr5n59mb4jzmfx6kanwxly0l07p861fg-patchelf-0.15.0/bin:/nix/store/1gf2flfqnpqbr1b4p4qz2f72y42bs56r-gcc-11.3.0/bin:/nix/store/57xv61c5zi8pphjbcwxxjlgc34p61ic9-glibc-2.35-163-bin/bin:/nix/store/a7gvj343m05j2s32xcnwr35v31ynlypr-coreutils-9.1/bin:/nix/store/039g378vc3pc3dvi9dzdlrd0i4q93qwf-binutils-2.39/bin:/nix/store/gpxl5qgg8kicmcvivwmybwjlpf7wh20l-graalvm17-ce-22.3.0/bin:/nix/store/6z9ag3ihc8mq2hzsw48lhbznvzny65nz-apache-maven-3.8.6/bin:/nix/store/m6gcpi1ii6rghy04cjwjddcavv7i90df-jdt-language-server-1.9.0/bin:/nix/store/84xs5alhs01zrbr4ywm05kxbjbp5590l-java-debug/bin:/nix/store/mydc6f4k2z73xlcz7ilif3v2lcaiqvza-findutils-4.9.0/bin:/nix/store/j9p3g8472iijd50vhdprx0nmk2fqn5gv-diffutils-3.8/bin:/nix/store/89zs7rms6x00xfq4dq6m7mjnhkr8a6r4-gnused-4.8/bin:/nix/store/86bp03jkmsl6f92w0yzg4s59g5mhxwmy-gnugrep-3.7/bin:/nix/store/hwcdqw4jrjnd37wxqgsd47hd0j8bnj09-gawk-5.1.1/bin:/nix/store/cfbhw8r8ags41vwqaz47r583d0p4h4a1-gnutar-1.34/bin:/nix/store/p3m1ndl1lapwrlh698bnb5lvvxh67378-gzip-1.12/bin:/nix/store/a8mhcagrsly7c7mpjrpsnaahk4aax056-bzip2-1.0.8-bin/bin:/nix/store/mblgz65m3zv9x548a3d5m96fj2pbwr09-gnumake-4.3/bin:/nix/store/dsd5gz46hdbdk2rfdimqddhq6m8m8fqs-bash-5.1-p16/bin:/nix/store/v7ljksji50mg3w61dykaa3n3y79n6nil-patch-2.7.6/bin:/nix/store/zlcnmqq14jz5x9439jf937mvayyl63da-xz-5.2.7-bin/bin:/nix/store/y6aj732zm9m87c82fpvf103a1xb22blp-file-5.43/bin:/nix/store/i4kzir3m7mrisxmf5xvlnkw01x4qaqr4-prybar-elisp-0.0.0-e0d9a52/bin:/nix/store/lwwivxf6h7x3cvxp9zv8sj0mv7dak99r-prybar-lua-0.0.0-e0d9a52/bin:/nix/store/gxj28g1cg4hq3qanmjv07156h800qr58-prybar-python3-0.0.0-e0d9a52/bin:/nix/store/hshkjnxrgidigf8x75vg6lqng2xlx9i3-prybar-sqlite-0.0.0-e0d9a52/bin:/nix/store/c4w01bpjgyy5ixmwdk8m1pw87zq4sl26-prybar-tcl-0.0.0-e0d9a52/bin:/nix/store/hpbvrlwd5viqmvcaisb3x0118i913a9n-st
LD_LIBRARY_PATH=/nix/store/a4pff549sk2idnkpzk5nsfps3mdkdnvm-cups-2.4.2-lib/lib:/nix/store/72mqxxhh3cy5yifh92wh2yb8cl2hikyy-cairo-1.16.0/lib:/nix/store/2k366jrbsra97gjfxwvrhvixjfxdach5-glib-2.74.1/lib:/nix/store/2j2znigd8ak37rlwh9khz0ry3clqlw1l-gtk+3-3.24.34/lib:/nix/store/hisqvx32cd57apbpcsnkpx6k3549wql1-libglvnd-1.4.0/lib:/nix/store/p36pgcv991mq5srvg765b78yqpxvk3qs-mesa-21.3.3-drivers/lib:/nix/store/mav4251if1ahjq5vkpwycyyvnmy459c4-pulseaudio-14.2/lib
DISPLAY=:0
LANG=en_US.UTF-8

Signal Handlers:
   SIGSEGV: crash_handler in libjvm.so, mask=11100100010111111101111111111110, flags=SA_RESTART|SA_SIGINFO
    SIGBUS: crash_handler in libjvm.so, mask=11100100010111111101111111111110, flags=SA_RESTART|SA_SIGINFO
    SIGFPE: crash_handler in libjvm.so, mask=11100100010111111101111111111110, flags=SA_RESTART|SA_SIGINFO
   SIGPIPE: IsolateEnterStub_IgnoreSIGPIPEStartupHook_noopSignalHandler_8f19bff2f35b5f630d83b364d6b2339320d4ec70_216e8361c6bc87a8f89f58cc10d3b2fd4415bf87 in libjvmcicompiler.so, mask=00000000000000000000000000000000, flags=SA_RESTART
  *** Handler was modified!
  *** Expected: javaSignalHandler in libjvm.so, mask=11100100110111111111111111111110, flags=SA_RESTART|SA_SIGINFO
   SIGXFSZ: javaSignalHandler in libjvm.so, mask=11100100010111111101111111111110, flags=SA_RESTART|SA_SIGINFO
    SIGILL: crash_handler in libjvm.so, mask=11100100010111111101111111111110, flags=SA_RESTART|SA_SIGINFO
   SIGUSR2: SR_handler in libjvm.so, mask=00000000000000000000000000000000, flags=SA_RESTART|SA_SIGINFO
    SIGHUP: UserHandler in libjvm.so, mask=11100100010111111101111111111110, flags=SA_RESTART|SA_SIGINFO
    SIGINT: UserHandler in libjvm.so, mask=11100100010111111101111111111110, flags=SA_RESTART|SA_SIGINFO
   SIGTERM: UserHandler in libjvm.so, mask=11100100010111111101111111111110, flags=SA_RESTART|SA_SIGINFO
   SIGQUIT: UserHandler in libjvm.so, mask=11100100010111111101111111111110, flags=SA_RESTART|SA_SIGINFO
  *** Handler was modified!
  *** Expected: javaSignalHandler in libjvm.so, mask=11100100110111111111111111111110, flags=SA_RESTART|SA_SIGINFO
   SIGTRAP: crash_handler in libjvm.so, mask=11100100010111111101111111111110, flags=SA_RESTART|SA_SIGINFO


---------------  S Y S T E M  ---------------

OS:
DISTRIB_ID=Ubuntu
DISTRIB_RELEASE=20.04
DISTRIB_CODENAME=focal
DISTRIB_DESCRIPTION="Ubuntu 20.04.2 LTS"
uname: Linux 5.15.0-1031-gcp #38~20.04.1-Ubuntu SMP Sun Mar 12 04:47:58 UTC 2023 x86_64
OS uptime: 0 days 12:03 hours
libc: glibc 2.35 NPTL 2.35 
rlimit (soft/hard): STACK 8192k/infinity , CORE infinity/infinity , NPROC infinity/infinity , NOFILE 5242/5242 , AS infinity/infinity , CPU infinity/infinity , DATA infinity/infinity , FSIZE infinity/infinity , MEMLOCK 64k/64k
load average: 10.83 15.86 16.97

/proc/meminfo:
MemTotal:       65852704 kB
MemFree:         6560552 kB
MemAvailable:   31441624 kB
Buffers:         2409744 kB
Cached:         20728720 kB
SwapCached:            0 kB
Active:          9792356 kB
Inactive:       43795088 kB
Active(anon):      21140 kB
Inactive(anon): 30095124 kB
Active(file):    9771216 kB
Inactive(file): 13699964 kB
Unevictable:       42212 kB
Mlocked:           42212 kB
SwapTotal:             0 kB
SwapFree:              0 kB
Dirty:              3016 kB
Writeback:             0 kB
AnonPages:      28833044 kB
Mapped:          2003556 kB
Shmem:             40276 kB
KReclaimable:    2136492 kB
Slab:            4484396 kB
SReclaimable:    2136492 kB
SUnreclaim:      2347904 kB
KernelStack:      433824 kB
PageTables:       281408 kB
NFS_Unstable:          0 kB
Bounce:                0 kB
WritebackTmp:          0 kB
CommitLimit:    32926352 kB
Committed_AS:   95844572 kB
VmallocTotal:   34359738367 kB
VmallocUsed:      489256 kB
VmallocChunk:          0 kB
Percpu:            81536 kB
HardwareCorrupted:     0 kB
AnonHugePages:   5619712 kB
ShmemHugePages:        0 kB
ShmemPmdMapped:        0 kB
FileHugePages:         0 kB
FilePmdMapped:         0 kB
HugePages_Total:       0
HugePages_Free:        0
HugePages_Rsvd:        0
HugePages_Surp:        0
Hugepagesize:       2048 kB
Hugetlb:               0 kB
DirectMap4k:     5315384 kB
DirectMap2M:    55498752 kB
DirectMap1G:     8388608 kB

/sys/kernel/mm/transparent_hugepage/enabled: always [madvise] never
/sys/kernel/mm/transparent_hugepage/defrag (defrag/compaction efforts parameter): always defer defer+madvise [madvise] never

Process Memory:
Virtual Size: 4788864K (peak: 4874048K)
Resident Set Size: 772808K (peak: 805952K) (anon: 577140K, file: 195668K, shmem: 0K)
Swapped out: 0K
C-Heap outstanding allocations: 43934K, retained: 12657K
glibc malloc tunables: (default)

/proc/sys/kernel/threads-max (system-wide limit on the number of threads): 514406
/proc/sys/vm/max_map_count (maximum number of memory map areas a process may have): 65530
/proc/sys/kernel/pid_max (system-wide limit on number of process identifiers): 4194304

container (cgroup) information:
container_type: cgroupv1
cpu_cpuset_cpus: 2-7
cpu_memory_nodes: 0
active_processor_count: 1
cpu_quota: 50000
cpu_period: 100000
cpu_shares: 512
memory_limit_in_bytes: 1048576 k
memory_and_swap_limit_in_bytes: 1048576 k
memory_soft_limit_in_bytes: 524288 k
memory_usage_in_bytes: 647752 k
memory_max_usage_in_bytes: 670692 k
maximum number of tasks: 1000
current number of tasks: 47

KVM virtualization detected
Steal ticks since vm start: 0
Steal ticks percentage since vm start:  0.000

CPU: total 8 (initial active 1) (8 cores per cpu, 2 threads per core) family 23 model 49 stepping 0 microcode 0xffffffff, cx8, cmov, fxsr, ht, mmx, 3dnowpref, sse, sse2, sse3, ssse3, sse4a, sse4.1, sse4.2, popcnt, lzcnt, tsc, tscinvbit, avx, avx2, aes, clmul, bmi1, bmi2, adx, sha, fma, vzeroupper, clflush, clflushopt, hv
CPU Model and flags from /proc/cpuinfo:
model name	: AMD EPYC 7B12
flags		: fpu vme de pse tsc msr pae mce cx8 apic sep mtrr pge mca cmov pat pse36 clflush mmx fxsr sse sse2 ht syscall nx mmxext fxsr_opt pdpe1gb rdtscp lm constant_tsc rep_good nopl nonstop_tsc cpuid extd_apicid tsc_known_freq pni pclmulqdq ssse3 fma cx16 sse4_1 sse4_2 movbe popcnt aes xsave avx f16c rdrand hypervisor lahf_lm cmp_legacy cr8_legacy abm sse4a misalignsse 3dnowprefetch osvw topoext ssbd ibrs ibpb stibp vmmcall fsgsbase tsc_adjust bmi1 avx2 smep bmi2 rdseed adx smap clflushopt clwb sha_ni xsaveopt xsavec xgetbv1 clzero xsaveerptr arat npt nrip_save umip rdpid

Online cpus: 0-7
Offline cpus: 
BIOS frequency limitation: <Not Available>
Frequency switch latency (ns): <Not Available>
Available cpu frequencies: <Not Available>
Current governor: <Not Available>
Core performance/turbo boost: <Not Available>

Memory: 4k page, physical 1048576k(400808k free), swap 0k(0k free)
Page Sizes: 4k

vm_info: OpenJDK 64-Bit Server VM (17.0.5+8-jvmci-22.3-b08) for linux-amd64 JRE (17.0.5+8-jvmci-22.3-b08), built on Oct 19 2022 09:01:27 by "buildslave" with gcc 10.3.0

END.
